10:38:23.266 INFO  TC_001_LoginDDT -Orange site opened
10:38:25.552 INFO  TC_001_LoginDDT -username entered
10:38:25.707 INFO  TC_001_LoginDDT -passeword entered
10:38:27.280 INFO  TC_001_LoginDDT -login button pressed
10:38:28.696 INFO  TC_001_LoginDDT -login passed : valid crendentials
10:38:30.009 INFO  TC_001_LoginDDT -logout pressed
10:38:30.242 INFO  TC_001_LoginDDT -username entered
10:38:30.446 INFO  TC_001_LoginDDT -passeword entered
10:38:31.580 INFO  TC_001_LoginDDT -login button pressed
10:38:41.909 INFO  TC_001_LoginDDT -username entered
10:38:42.087 INFO  TC_001_LoginDDT -passeword entered
10:38:43.082 INFO  TC_001_LoginDDT -login button pressed
10:38:53.358 INFO  TC_001_LoginDDT -username entered
10:38:53.540 INFO  TC_001_LoginDDT -passeword entered
10:38:54.564 INFO  TC_001_LoginDDT -login button pressed
10:42:13.152 INFO  TC_001_LoginDDT -Orange site opened
10:42:15.600 INFO  TC_001_LoginDDT -username entered
10:42:15.798 INFO  TC_001_LoginDDT -passeword entered
10:42:17.575 INFO  TC_001_LoginDDT -login button pressed
10:42:18.735 INFO  TC_001_LoginDDT -login passed : valid crendentials
10:42:19.875 INFO  TC_001_LoginDDT -logout pressed
10:42:20.034 INFO  TC_001_LoginDDT -username entered
10:42:20.137 INFO  TC_001_LoginDDT -passeword entered
10:42:21.274 INFO  TC_001_LoginDDT -login button pressed
10:42:31.671 INFO  TC_001_LoginDDT -username entered
10:42:31.829 INFO  TC_001_LoginDDT -passeword entered
10:42:32.942 INFO  TC_001_LoginDDT -login button pressed
10:42:43.276 INFO  TC_001_LoginDDT -username entered
10:42:43.452 INFO  TC_001_LoginDDT -passeword entered
10:42:44.529 INFO  TC_001_LoginDDT -login button pressed
10:44:13.528 INFO  TC_001_LoginDDT -Orange site opened
10:44:15.946 INFO  TC_001_LoginDDT -username entered
10:44:16.080 INFO  TC_001_LoginDDT -passeword entered
10:44:17.856 INFO  TC_001_LoginDDT -login button pressed
10:44:19.405 INFO  TC_001_LoginDDT -login passed : valid crendentials
10:44:20.684 INFO  TC_001_LoginDDT -logout pressed
10:44:20.916 INFO  TC_001_LoginDDT -username entered
10:44:21.117 INFO  TC_001_LoginDDT -passeword entered
10:44:22.310 INFO  TC_001_LoginDDT -login button pressed
10:44:32.699 INFO  TC_001_LoginDDT -username entered
10:44:32.880 INFO  TC_001_LoginDDT -passeword entered
10:44:33.920 INFO  TC_001_LoginDDT -login button pressed
10:44:44.333 INFO  TC_001_LoginDDT -username entered
10:44:44.524 INFO  TC_001_LoginDDT -passeword entered
10:44:45.613 INFO  TC_001_LoginDDT -login button pressed
10:45:40.002 INFO  TC_001_LoginDDT -Orange site opened
10:45:41.912 INFO  TC_001_LoginDDT -username entered
10:45:42.037 INFO  TC_001_LoginDDT -passeword entered
10:45:43.829 INFO  TC_001_LoginDDT -login button pressed
10:45:43.996 INFO  TC_001_LoginDDT -login passed : valid crendentials
10:45:46.530 INFO  TC_001_LoginDDT -logout pressed
10:45:46.748 INFO  TC_001_LoginDDT -username entered
10:45:46.962 INFO  TC_001_LoginDDT -passeword entered
10:45:48.131 INFO  TC_001_LoginDDT -login button pressed
10:45:58.502 INFO  TC_001_LoginDDT -username entered
10:45:58.689 INFO  TC_001_LoginDDT -passeword entered
10:45:59.779 INFO  TC_001_LoginDDT -login button pressed
10:46:10.164 INFO  TC_001_LoginDDT -username entered
10:46:10.370 INFO  TC_001_LoginDDT -passeword entered
10:46:11.454 INFO  TC_001_LoginDDT -login button pressed
10:47:50.790 INFO  TC_001_LoginDDT -Orange site opened
10:47:52.984 INFO  TC_001_LoginDDT -username entered
10:47:53.119 INFO  TC_001_LoginDDT -passeword entered
10:47:54.815 INFO  TC_001_LoginDDT -login button pressed
10:47:55.007 INFO  TC_001_LoginDDT -login passed : valid crendentials
10:47:57.481 INFO  TC_001_LoginDDT -logout pressed
10:47:57.694 INFO  TC_001_LoginDDT -username entered
10:47:57.894 INFO  TC_001_LoginDDT -passeword entered
10:47:59.087 INFO  TC_001_LoginDDT -login button pressed
10:48:09.464 INFO  TC_001_LoginDDT -username entered
10:48:09.615 INFO  TC_001_LoginDDT -passeword entered
10:48:10.705 INFO  TC_001_LoginDDT -login button pressed
10:48:21.097 INFO  TC_001_LoginDDT -username entered
10:48:21.295 INFO  TC_001_LoginDDT -passeword entered
10:48:22.377 INFO  TC_001_LoginDDT -login button pressed
10:49:34.926 INFO  TC_001_LoginDDT -Orange site opened
10:49:37.578 INFO  TC_001_LoginDDT -username entered
10:49:37.770 INFO  TC_001_LoginDDT -passeword entered
10:49:39.689 INFO  TC_001_LoginDDT -login button pressed
10:49:39.880 INFO  TC_001_LoginDDT -login passed : valid crendentials
10:49:42.434 INFO  TC_001_LoginDDT -logout pressed
10:49:42.656 INFO  TC_001_LoginDDT -username entered
10:49:42.889 INFO  TC_001_LoginDDT -passeword entered
10:49:44.070 INFO  TC_001_LoginDDT -login button pressed
10:49:54.397 INFO  TC_001_LoginDDT -username entered
10:49:54.563 INFO  TC_001_LoginDDT -passeword entered
10:49:55.566 INFO  TC_001_LoginDDT -login button pressed
10:50:05.929 INFO  TC_001_LoginDDT -username entered
10:50:06.128 INFO  TC_001_LoginDDT -passeword entered
10:50:07.166 INFO  TC_001_LoginDDT -login button pressed
10:52:18.115 INFO  TC_001_LoginDDT -Orange site opened
10:52:20.504 INFO  TC_001_LoginDDT -username entered
10:52:20.686 INFO  TC_001_LoginDDT -passeword entered
10:52:24.264 INFO  TC_001_LoginDDT -login button pressed
10:52:24.689 INFO  TC_001_LoginDDT -login passed : valid crendentials
10:52:25.918 INFO  TC_001_LoginDDT -logout pressed
10:52:26.091 INFO  TC_001_LoginDDT -username entered
10:52:26.288 INFO  TC_001_LoginDDT -passeword entered
10:52:27.354 INFO  TC_001_LoginDDT -login button pressed
10:52:37.759 INFO  TC_001_LoginDDT -username entered
10:52:37.943 INFO  TC_001_LoginDDT -passeword entered
10:52:39.181 INFO  TC_001_LoginDDT -login button pressed
10:52:49.592 INFO  TC_001_LoginDDT -username entered
10:52:49.770 INFO  TC_001_LoginDDT -passeword entered
10:52:50.870 INFO  TC_001_LoginDDT -login button pressed
10:58:37.374 INFO  TC_001_LoginDDT -Orange site opened
10:58:40.208 INFO  TC_001_LoginDDT -username entered
10:58:40.372 INFO  TC_001_LoginDDT -passeword entered
10:58:42.034 INFO  TC_001_LoginDDT -login button pressed
11:00:02.455 INFO  TC_001_LoginDDT -Orange site opened
11:00:04.866 INFO  TC_001_LoginDDT -username entered
11:00:05.007 INFO  TC_001_LoginDDT -passeword entered
11:00:05.712 INFO  TC_001_LoginDDT -login button pressed
11:00:16.012 INFO  TC_001_LoginDDT -username entered
11:00:16.242 INFO  TC_001_LoginDDT -passeword entered
11:00:17.779 INFO  TC_001_LoginDDT -login button pressed
11:00:28.164 INFO  TC_001_LoginDDT -username entered
11:00:28.359 INFO  TC_001_LoginDDT -passeword entered
11:00:29.418 INFO  TC_001_LoginDDT -login button pressed
11:00:39.803 INFO  TC_001_LoginDDT -username entered
11:00:39.989 INFO  TC_001_LoginDDT -passeword entered
11:00:41.005 INFO  TC_001_LoginDDT -login button pressed
11:03:52.265 INFO  TC_001_LoginDDT -Orange site opened
11:03:54.884 INFO  TC_001_LoginDDT -username entered
11:03:55.062 INFO  TC_001_LoginDDT -passeword entered
11:03:56.787 INFO  TC_001_LoginDDT -login button pressed
11:07:09.785 INFO  TC_001_LoginDDT -Orange site opened
11:07:12.105 INFO  TC_001_LoginDDT -username entered
11:07:12.262 INFO  TC_001_LoginDDT -passeword entered
11:07:20.986 INFO  TC_001_LoginDDT -login button pressed
11:07:21.227 INFO  TC_001_LoginDDT -login failed : invalid credentials
11:09:05.260 INFO  TC_001_LoginDDT -Orange site opened
11:09:07.434 INFO  TC_001_LoginDDT -username entered
11:09:07.591 INFO  TC_001_LoginDDT -passeword entered
11:09:12.112 INFO  TC_001_LoginDDT -login button pressed
11:09:12.364 INFO  TC_001_LoginDDT -login passed : valid crendentials
11:09:13.532 INFO  TC_001_LoginDDT -logout pressed
11:09:13.704 INFO  TC_001_LoginDDT -username entered
11:09:13.839 INFO  TC_001_LoginDDT -passeword entered
11:09:15.036 INFO  TC_001_LoginDDT -login button pressed
11:09:25.441 INFO  TC_001_LoginDDT -username entered
11:09:25.597 INFO  TC_001_LoginDDT -passeword entered
11:09:26.609 INFO  TC_001_LoginDDT -login button pressed
11:09:36.943 INFO  TC_001_LoginDDT -username entered
11:09:37.123 INFO  TC_001_LoginDDT -passeword entered
11:09:38.177 INFO  TC_001_LoginDDT -login button pressed
11:11:51.347 INFO  TC_001_LoginDDT -Orange site opened
11:11:53.602 INFO  TC_001_LoginDDT -username entered
11:11:53.741 INFO  TC_001_LoginDDT -passeword entered
11:11:55.265 INFO  TC_001_LoginDDT -login button pressed
11:11:56.676 INFO  TC_001_LoginDDT -login passed : valid crendentials
11:12:08.401 INFO  TC_001_LoginDDT -logout pressed
11:12:08.561 INFO  TC_001_LoginDDT -username entered
11:12:08.713 INFO  TC_001_LoginDDT -passeword entered
11:12:13.839 INFO  TC_001_LoginDDT -login button pressed
11:12:24.068 INFO  TC_001_LoginDDT -username entered
11:12:24.240 INFO  TC_001_LoginDDT -passeword entered
11:12:29.405 INFO  TC_001_LoginDDT -login button pressed
11:12:39.622 INFO  TC_001_LoginDDT -username entered
11:12:39.744 INFO  TC_001_LoginDDT -passeword entered
11:12:44.834 INFO  TC_001_LoginDDT -login button pressed
11:18:45.974 INFO  TC_001_LoginDDT -Orange site opened
11:18:48.192 INFO  TC_001_LoginDDT -username entered
11:18:48.381 INFO  TC_001_LoginDDT -passeword entered
11:18:56.531 INFO  TC_001_LoginDDT -login button pressed
11:18:56.726 INFO  TC_001_LoginDDT -login passed : valid credentials
11:21:32.837 INFO  TC_001_LoginDDT -Orange site opened
11:21:35.479 INFO  TC_001_LoginDDT -username entered
11:21:35.633 INFO  TC_001_LoginDDT -passeword entered
11:21:37.249 INFO  TC_001_LoginDDT -login button pressed
11:21:37.405 INFO  TC_001_LoginDDT -login passed : valid credentials
11:21:39.962 INFO  TC_001_LoginDDT -username entered
11:21:40.122 INFO  TC_001_LoginDDT -passeword entered
11:21:41.332 INFO  TC_001_LoginDDT -login button pressed
11:21:46.727 INFO  TC_001_LoginDDT -username entered
11:21:46.940 INFO  TC_001_LoginDDT -passeword entered
11:21:48.233 INFO  TC_001_LoginDDT -login button pressed
11:21:53.515 INFO  TC_001_LoginDDT -username entered
11:21:53.715 INFO  TC_001_LoginDDT -passeword entered
11:21:54.777 INFO  TC_001_LoginDDT -login button pressed
11:24:45.275 INFO  TC_001_LoginDDT -Orange site opened
11:24:47.411 INFO  TC_001_LoginDDT -username entered
11:24:47.558 INFO  TC_001_LoginDDT -passeword entered
11:24:49.142 INFO  TC_001_LoginDDT -login button pressed
11:24:50.433 INFO  TC_001_LoginDDT -login passed : valid credentials
11:24:52.056 INFO  TC_001_LoginDDT -username entered
11:24:52.313 INFO  TC_001_LoginDDT -passeword entered
11:24:53.472 INFO  TC_001_LoginDDT -login button pressed
11:24:58.845 INFO  TC_001_LoginDDT -username entered
11:24:58.990 INFO  TC_001_LoginDDT -passeword entered
11:25:00.052 INFO  TC_001_LoginDDT -login button pressed
11:27:11.583 INFO  TC_001_LoginDDT -Orange site opened
11:27:14.280 INFO  TC_001_LoginDDT -username entered
11:27:14.453 INFO  TC_001_LoginDDT -passeword entered
11:27:15.310 INFO  TC_001_LoginDDT -login button pressed
11:27:20.628 INFO  TC_001_LoginDDT -username entered
11:27:20.848 INFO  TC_001_LoginDDT -passeword entered
11:27:22.276 INFO  TC_001_LoginDDT -login button pressed
11:27:27.599 INFO  TC_001_LoginDDT -username entered
11:27:27.766 INFO  TC_001_LoginDDT -passeword entered
11:27:28.847 INFO  TC_001_LoginDDT -login button pressed
11:27:34.178 INFO  TC_001_LoginDDT -username entered
11:27:34.368 INFO  TC_001_LoginDDT -passeword entered
11:27:37.935 INFO  TC_001_LoginDDT -login button pressed
11:27:38.132 INFO  TC_001_LoginDDT -login passed : valid credentials
11:29:27.941 INFO  TC_001_LoginDDT -Orange site opened
11:29:30.664 INFO  TC_001_LoginDDT -username entered
11:29:30.936 INFO  TC_001_LoginDDT -passeword entered
11:29:31.790 INFO  TC_001_LoginDDT -login button pressed
11:29:37.057 INFO  TC_001_LoginDDT -username entered
11:29:37.250 INFO  TC_001_LoginDDT -passeword entered
11:29:38.632 INFO  TC_001_LoginDDT -login button pressed
11:29:44.011 INFO  TC_001_LoginDDT -username entered
11:29:44.176 INFO  TC_001_LoginDDT -passeword entered
11:29:45.239 INFO  TC_001_LoginDDT -login button pressed
11:35:14.602 INFO  TC_001_LoginDDT -Orange site opened
11:35:16.930 INFO  TC_001_LoginDDT -username entered
11:35:17.134 INFO  TC_001_LoginDDT -passeword entered
11:35:25.564 INFO  TC_001_LoginDDT -login button pressed
11:36:16.804 INFO  TC_001_LoginDDT -Orange site opened
11:36:18.854 INFO  TC_001_LoginDDT -username entered
11:36:19.032 INFO  TC_001_LoginDDT -passeword entered
11:41:32.282 INFO  TC_001_LoginDDT -Orange site opened
11:41:34.357 INFO  TC_001_LoginDDT -username entered
11:41:34.512 INFO  TC_001_LoginDDT -passeword entered
11:41:37.641 INFO  TC_001_LoginDDT -login button pressed
11:41:37.667 INFO  TC_001_LoginDDT -login passed : valid credentials
11:41:39.348 INFO  TC_001_LoginDDT -username entered
11:41:39.545 INFO  TC_001_LoginDDT -passeword entered
11:41:40.948 INFO  TC_001_LoginDDT -login button pressed
11:41:40.973 INFO  TC_001_LoginDDT -login failed : invalid credentials
11:41:41.214 INFO  TC_001_LoginDDT -username entered
11:41:41.380 INFO  TC_001_LoginDDT -passeword entered
11:41:42.090 INFO  TC_001_LoginDDT -login button pressed
11:41:42.149 INFO  TC_001_LoginDDT -login failed : invalid credentials
11:41:42.460 INFO  TC_001_LoginDDT -username entered
11:41:42.752 INFO  TC_001_LoginDDT -passeword entered
11:41:43.436 INFO  TC_001_LoginDDT -login button pressed
11:41:43.460 INFO  TC_001_LoginDDT -login failed : invalid credentials
13:09:36.518 INFO  TC_001_LoginDDT -Orange site opened
13:09:48.803 INFO  TC_001_LoginDDT -username entered
13:09:49.071 INFO  TC_001_LoginDDT -passeword entered
13:09:50.597 INFO  TC_001_LoginDDT -login button pressed
13:09:50.640 INFO  TC_001_LoginDDT -login passed : valid credentials 
 Myinfo pageis notdisplayed !
13:09:51.905 INFO  TC_001_LoginDDT -username entered
13:09:52.187 INFO  TC_001_LoginDDT -passeword entered
13:09:54.486 INFO  TC_001_LoginDDT -login button pressed
13:09:54.512 INFO  TC_001_LoginDDT -login passed : valid credentials 
 Myinfo pageis notdisplayed !
13:09:58.644 INFO  TC_001_LoginDDT -username entered
13:09:58.890 INFO  TC_001_LoginDDT -passeword entered
13:10:00.247 INFO  TC_001_LoginDDT -login button pressed
13:10:00.321 INFO  TC_001_LoginDDT -login passed : valid credentials 
 Myinfo pageis notdisplayed !
13:10:01.127 INFO  TC_001_LoginDDT -username entered
13:10:01.300 INFO  TC_001_LoginDDT -passeword entered
13:10:02.014 INFO  TC_001_LoginDDT -login button pressed
13:10:02.075 INFO  TC_001_LoginDDT -login passed : valid credentials 
 Myinfo pageis notdisplayed !
13:27:28.167 INFO  TC_001_LoginDDT -Orange site opened
13:27:41.315 INFO  TC_001_LoginDDT -username entered
13:27:41.565 INFO  TC_001_LoginDDT -passeword entered
13:27:44.660 INFO  TC_001_LoginDDT -login button pressed
13:27:44.691 INFO  TC_001_LoginDDT -login passed : valid credentials 
 Myinfo pageis notdisplayed !
13:30:43.756 INFO  TC_001_LoginDDT -Orange site opened
13:30:45.850 INFO  TC_001_LoginDDT -username entered
13:30:45.988 INFO  TC_001_LoginDDT -passeword entered
13:30:48.464 INFO  TC_001_LoginDDT -login button pressed
13:30:48.502 INFO  TC_001_LoginDDT -login passed : valid credentials 
 Myinfo pageis notdisplayed !
13:30:51.109 INFO  TC_001_LoginDDT -username entered
13:30:51.308 INFO  TC_001_LoginDDT -passeword entered
13:30:52.887 INFO  TC_001_LoginDDT -login button pressed
13:30:52.913 INFO  TC_001_LoginDDT -login passed : valid credentials 
 Myinfo pageis notdisplayed !
13:30:58.892 INFO  TC_001_LoginDDT -username entered
13:30:59.103 INFO  TC_001_LoginDDT -passeword entered
13:31:00.275 INFO  TC_001_LoginDDT -login button pressed
13:31:00.360 INFO  TC_001_LoginDDT -login passed : valid credentials 
 Myinfo pageis notdisplayed !
13:31:06.462 INFO  TC_001_LoginDDT -username entered
13:31:06.680 INFO  TC_001_LoginDDT -passeword entered
13:31:07.710 INFO  TC_001_LoginDDT -login button pressed
13:31:07.781 INFO  TC_001_LoginDDT -login passed : valid credentials 
 Myinfo pageis notdisplayed !
13:34:25.577 INFO  TC_001_LoginDDT -Orange site opened
13:34:28.333 INFO  TC_001_LoginDDT -username entered
13:34:28.582 INFO  TC_001_LoginDDT -passeword entered
13:34:30.749 INFO  TC_001_LoginDDT -login button pressed
13:34:30.770 INFO  TC_001_LoginDDT -login passed : valid credentials 
 Myinfo page is not displayed !
13:34:32.490 INFO  TC_001_LoginDDT -username entered
13:34:32.678 INFO  TC_001_LoginDDT -passeword entered
13:34:33.915 INFO  TC_001_LoginDDT -login button pressed
13:34:33.953 INFO  TC_001_LoginDDT -login passed : valid credentials 
 Myinfo page is not displayed !
13:34:39.927 INFO  TC_001_LoginDDT -username entered
13:34:40.120 INFO  TC_001_LoginDDT -passeword entered
13:34:41.185 INFO  TC_001_LoginDDT -login button pressed
13:34:41.246 INFO  TC_001_LoginDDT -login passed : valid credentials 
 Myinfo page is not displayed !
13:34:47.185 INFO  TC_001_LoginDDT -username entered
13:34:47.352 INFO  TC_001_LoginDDT -passeword entered
13:34:48.079 INFO  TC_001_LoginDDT -login button pressed
13:34:48.154 INFO  TC_001_LoginDDT -login passed : valid credentials 
 Myinfo page is not displayed !
13:36:55.054 INFO  TC_001_LoginDDT -Orange site opened
13:36:57.406 INFO  TC_001_LoginDDT -username entered
13:36:57.581 INFO  TC_001_LoginDDT -passeword entered
13:36:59.185 INFO  TC_001_LoginDDT -login button pressed
13:36:59.209 INFO  TC_001_LoginDDT -login failed : invalid credentials
13:38:43.327 INFO  TC_001_LoginDDT -Orange site opened
13:38:45.524 INFO  TC_001_LoginDDT -username entered
13:38:45.672 INFO  TC_001_LoginDDT -passeword entered
13:38:47.456 INFO  TC_001_LoginDDT -login button pressed
13:38:47.514 INFO  TC_001_LoginDDT -login passed : valid credentials 
 Myinfo page is not displayed !
13:38:50.029 INFO  TC_001_LoginDDT -username entered
13:38:50.270 INFO  TC_001_LoginDDT -passeword entered
13:38:51.506 INFO  TC_001_LoginDDT -login button pressed
13:38:51.522 INFO  TC_001_LoginDDT -login failed : invalid credentials
13:38:51.817 INFO  TC_001_LoginDDT -username entered
13:38:52.058 INFO  TC_001_LoginDDT -passeword entered
13:38:52.739 INFO  TC_001_LoginDDT -login button pressed
13:38:52.797 INFO  TC_001_LoginDDT -login failed : invalid credentials
13:38:52.970 INFO  TC_001_LoginDDT -username entered
13:38:53.142 INFO  TC_001_LoginDDT -passeword entered
13:38:54.139 INFO  TC_001_LoginDDT -login button pressed
13:38:54.154 INFO  TC_001_LoginDDT -login failed : invalid credentials
14:38:59.079 INFO  TC_001_LoginDDT -Orange site opened
14:39:03.586 INFO  TC_001_LoginDDT -username entered
14:39:03.767 INFO  TC_001_LoginDDT -passeword entered
14:39:05.777 INFO  TC_001_LoginDDT -login button pressed
14:39:06.030 INFO  TC_001_LoginDDT -login passed : valid credentials 
 Myinfo page is not displayed !
14:39:08.670 INFO  TC_001_LoginDDT -username entered
14:39:08.864 INFO  TC_001_LoginDDT -passeword entered
14:39:10.100 INFO  TC_001_LoginDDT -login button pressed
14:39:15.525 INFO  TC_001_LoginDDT -username entered
14:39:15.744 INFO  TC_001_LoginDDT -passeword entered
14:39:16.833 INFO  TC_001_LoginDDT -login button pressed
14:39:22.078 INFO  TC_001_LoginDDT -username entered
14:39:22.254 INFO  TC_001_LoginDDT -passeword entered
14:39:22.958 INFO  TC_001_LoginDDT -login button pressed
14:42:10.495 INFO  TC_001_LoginDDT -Orange site opened
14:42:12.820 INFO  TC_001_LoginDDT -username entered
14:42:12.976 INFO  TC_001_LoginDDT -passeword entered
14:42:14.765 INFO  TC_001_LoginDDT -login button pressed
14:42:14.804 INFO  TC_001_LoginDDT -login passed : valid credentials 
 Myinfo page is not displayed !
14:42:17.121 INFO  TC_001_LoginDDT -username entered
14:42:17.376 INFO  TC_001_LoginDDT -passeword entered
14:42:18.562 INFO  TC_001_LoginDDT -login button pressed
14:42:18.576 INFO  TC_001_LoginDDT -login failed : invalid credentials
14:42:18.841 INFO  TC_001_LoginDDT -username entered
14:42:19.052 INFO  TC_001_LoginDDT -passeword entered
14:42:19.793 INFO  TC_001_LoginDDT -login button pressed
14:42:19.810 INFO  TC_001_LoginDDT -login failed : invalid credentials
14:42:20.066 INFO  TC_001_LoginDDT -username entered
14:42:20.266 INFO  TC_001_LoginDDT -passeword entered
14:42:21.333 INFO  TC_001_LoginDDT -login button pressed
14:42:21.368 INFO  TC_001_LoginDDT -login failed : invalid credentials
09:09:08.255 INFO  TC_001_LoginDDT -Orange site opened
09:09:29.375 INFO  TC_001_LoginDDT -username entered
09:09:29.654 INFO  TC_001_LoginDDT -passeword entered
09:09:32.304 INFO  TC_001_LoginDDT -login button pressed
09:09:32.320 INFO  TC_001_LoginDDT -login failed : invalid credentials
09:09:32.739 INFO  TC_001_LoginDDT -username entered
09:09:32.968 INFO  TC_001_LoginDDT -passeword entered
09:09:34.135 INFO  TC_001_LoginDDT -login button pressed
09:09:34.166 INFO  TC_001_LoginDDT -login failed : invalid credentials
09:09:34.507 INFO  TC_001_LoginDDT -username entered
09:09:34.769 INFO  TC_001_LoginDDT -passeword entered
09:09:35.532 INFO  TC_001_LoginDDT -login button pressed
09:09:35.555 INFO  TC_001_LoginDDT -login failed : invalid credentials
09:09:35.858 INFO  TC_001_LoginDDT -username entered
09:09:36.089 INFO  TC_001_LoginDDT -passeword entered
09:09:36.846 INFO  TC_001_LoginDDT -login button pressed
09:09:36.901 INFO  TC_001_LoginDDT -login failed : invalid credentials
09:14:11.544 INFO  TC_001_LoginDDT -Orange site opened
09:14:18.210 INFO  TC_001_LoginDDT -username entered
09:14:18.413 INFO  TC_001_LoginDDT -passeword entered
09:14:21.230 INFO  TC_001_LoginDDT -login button pressed
09:14:21.270 INFO  TC_001_LoginDDT -login passed : valid credentials 
 Myinfo page is not displayed !
09:14:23.858 INFO  TC_001_LoginDDT -username entered
09:14:24.094 INFO  TC_001_LoginDDT -passeword entered
09:14:25.330 INFO  TC_001_LoginDDT -login button pressed
09:14:25.343 INFO  TC_001_LoginDDT -login failed : invalid credentials
09:14:25.587 INFO  TC_001_LoginDDT -username entered
09:14:25.789 INFO  TC_001_LoginDDT -passeword entered
09:14:26.575 INFO  TC_001_LoginDDT -login button pressed
09:14:26.601 INFO  TC_001_LoginDDT -login failed : invalid credentials
09:14:26.847 INFO  TC_001_LoginDDT -username entered
09:14:27.171 INFO  TC_001_LoginDDT -passeword entered
09:14:28.411 INFO  TC_001_LoginDDT -login button pressed
09:14:28.472 INFO  TC_001_LoginDDT -login failed : invalid credentials
09:33:01.251 INFO  TC_001_LoginDDT -Orange site opened
09:33:26.308 INFO  TC_001_LoginDDT -username entered
09:33:26.565 INFO  TC_001_LoginDDT -passeword entered
09:33:29.230 INFO  TC_001_LoginDDT -login button pressed
09:33:29.268 INFO  TC_001_LoginDDT -login passed : valid credentials 
 Myinfo page is not displayed !
09:33:33.308 INFO  TC_001_LoginDDT -username entered
09:33:33.503 INFO  TC_001_LoginDDT -passeword entered
09:33:34.793 INFO  TC_001_LoginDDT -login button pressed
09:33:34.805 INFO  TC_001_LoginDDT -login failed : invalid credentials
09:33:35.092 INFO  TC_001_LoginDDT -username entered
09:33:35.286 INFO  TC_001_LoginDDT -passeword entered
09:33:36.013 INFO  TC_001_LoginDDT -login button pressed
09:33:36.036 INFO  TC_001_LoginDDT -login failed : invalid credentials
09:33:36.278 INFO  TC_001_LoginDDT -username entered
09:33:36.445 INFO  TC_001_LoginDDT -passeword entered
09:33:37.099 INFO  TC_001_LoginDDT -login button pressed
09:33:37.110 INFO  TC_001_LoginDDT -login failed : invalid credentials
09:39:21.888 INFO  TC_001_LoginDDT -Orange site opened
09:39:30.499 INFO  TC_001_LoginDDT -username entered
09:39:30.725 INFO  TC_001_LoginDDT -passeword entered
09:39:33.333 INFO  TC_001_LoginDDT -login button pressed
09:39:33.382 INFO  TC_001_LoginDDT -login passed : valid credentials 
 Myinfo page is not displayed !
09:39:35.687 INFO  TC_001_LoginDDT -username entered
09:39:35.891 INFO  TC_001_LoginDDT -passeword entered
09:39:37.048 INFO  TC_001_LoginDDT -login button pressed
09:39:37.062 INFO  TC_001_LoginDDT -login failed : invalid credentials
09:39:37.305 INFO  TC_001_LoginDDT -username entered
09:39:37.493 INFO  TC_001_LoginDDT -passeword entered
09:39:38.221 INFO  TC_001_LoginDDT -login button pressed
09:39:38.253 INFO  TC_001_LoginDDT -login failed : invalid credentials
09:39:38.470 INFO  TC_001_LoginDDT -username entered
09:39:38.655 INFO  TC_001_LoginDDT -passeword entered
09:39:39.369 INFO  TC_001_LoginDDT -login button pressed
09:39:39.414 INFO  TC_001_LoginDDT -login failed : invalid credentials
09:42:37.079 INFO  TC_001_LoginDDT -Orange site opened
09:42:39.485 INFO  TC_001_LoginDDT -username entered
09:42:39.632 INFO  TC_001_LoginDDT -passeword entered
09:42:41.333 INFO  TC_001_LoginDDT -login button pressed
09:42:41.375 INFO  TC_001_LoginDDT -login passed : valid credentials 
 Myinfo page is not displayed !
09:42:43.712 INFO  TC_001_LoginDDT -username entered
09:42:43.893 INFO  TC_001_LoginDDT -passeword entered
09:42:45.008 INFO  TC_001_LoginDDT -login button pressed
09:42:45.032 INFO  TC_001_LoginDDT -login failed : invalid credentials
09:42:45.287 INFO  TC_001_LoginDDT -username entered
09:42:45.472 INFO  TC_001_LoginDDT -passeword entered
09:42:46.204 INFO  TC_001_LoginDDT -login button pressed
09:42:46.226 INFO  TC_001_LoginDDT -login failed : invalid credentials
09:42:46.430 INFO  TC_001_LoginDDT -username entered
09:42:46.658 INFO  TC_001_LoginDDT -passeword entered
09:42:47.729 INFO  TC_001_LoginDDT -login button pressed
09:42:47.799 INFO  TC_001_LoginDDT -login failed : invalid credentials
09:23:41.450 INFO  TC_001_LoginDDT -Orange site opened
09:24:19.926 INFO  TC_001_LoginDDT -username entered
09:24:20.206 INFO  TC_001_LoginDDT -passeword entered
09:24:23.780 INFO  TC_001_LoginDDT -login button pressed
09:24:23.819 INFO  TC_001_LoginDDT -login passed : valid credentials 
 Myinfo page is not displayed !
09:24:29.484 INFO  TC_001_LoginDDT -username entered
09:24:29.709 INFO  TC_001_LoginDDT -passeword entered
09:24:31.545 INFO  TC_001_LoginDDT -login button pressed
09:24:31.561 INFO  TC_001_LoginDDT -login failed : invalid credentials
09:24:31.845 INFO  TC_001_LoginDDT -username entered
09:24:32.097 INFO  TC_001_LoginDDT -passeword entered
09:24:32.699 INFO  TC_001_LoginDDT -login button pressed
09:24:32.712 INFO  TC_001_LoginDDT -login failed : invalid credentials
09:24:32.888 INFO  TC_001_LoginDDT -username entered
09:24:33.182 INFO  TC_001_LoginDDT -passeword entered
09:24:34.311 INFO  TC_001_LoginDDT -login button pressed
09:24:34.339 INFO  TC_001_LoginDDT -login failed : invalid credentials
11:50:18.246 INFO  TC_001_LoginDDT -Orange site opened
11:56:20.868 INFO  TC_001_LoginDDT -Orange site opened
11:56:30.316 INFO  TC_001_LoginDDT -username entered
11:56:30.502 INFO  TC_001_LoginDDT -passeword entered
11:56:32.025 INFO  TC_001_LoginDDT -login button pressed
11:56:32.045 INFO  TC_001_LoginDDT -login failed : invalid credentials
11:56:32.298 INFO  TC_001_LoginDDT -username entered
11:56:32.493 INFO  TC_001_LoginDDT -passeword entered
11:56:33.536 INFO  TC_001_LoginDDT -login button pressed
11:56:33.588 INFO  TC_001_LoginDDT -login failed : invalid credentials
11:56:33.818 INFO  TC_001_LoginDDT -username entered
11:56:33.994 INFO  TC_001_LoginDDT -passeword entered
11:56:34.769 INFO  TC_001_LoginDDT -login button pressed
11:56:34.849 INFO  TC_001_LoginDDT -login failed : invalid credentials
11:56:35.115 INFO  TC_001_LoginDDT -username entered
11:56:35.315 INFO  TC_001_LoginDDT -passeword entered
11:56:36.054 INFO  TC_001_LoginDDT -login button pressed
11:56:36.073 INFO  TC_001_LoginDDT -login failed : invalid credentials
12:15:40.987 INFO  TC_001_LoginDDT -Orange site opened
12:16:38.871 INFO  TC_001_LoginDDT -Orange site opened
12:17:51.448 INFO  TC_001_LoginDDT -Orange site opened
12:17:53.707 INFO  TC_001_LoginDDT -username entered
12:17:53.849 INFO  TC_001_LoginDDT -passeword entered
12:17:55.507 INFO  TC_001_LoginDDT -login button pressed
12:17:55.540 INFO  TC_001_LoginDDT -login passed : valid credentials 
 Myinfo page is not displayed !
12:17:58.064 INFO  TC_001_LoginDDT -username entered
12:17:58.343 INFO  TC_001_LoginDDT -passeword entered
12:17:59.564 INFO  TC_001_LoginDDT -login button pressed
12:17:59.581 INFO  TC_001_LoginDDT -login failed : invalid credentials
12:17:59.847 INFO  TC_001_LoginDDT -username entered
12:18:00.044 INFO  TC_001_LoginDDT -passeword entered
12:18:00.760 INFO  TC_001_LoginDDT -login button pressed
12:18:00.804 INFO  TC_001_LoginDDT -login failed : invalid credentials
12:18:01.072 INFO  TC_001_LoginDDT -username entered
12:18:01.262 INFO  TC_001_LoginDDT -passeword entered
12:18:02.398 INFO  TC_001_LoginDDT -login button pressed
12:18:02.441 INFO  TC_001_LoginDDT -login failed : invalid credentials
09:38:15.035 INFO  TC_001_LoginDDT -Orange site opened
09:38:19.384 INFO  TC_001_LoginDDT -username entered
09:38:19.604 INFO  TC_001_LoginDDT -passeword entered
09:38:25.448 INFO  TC_001_LoginDDT -login button pressed
09:38:26.681 INFO  TC_001_LoginDDT -login passed
10:08:57.383 INFO  TC_001_LoginDDT -Orange site opened
10:08:59.085 INFO  TC_001_LoginDDT -username entered
10:08:59.282 INFO  TC_001_LoginDDT -passeword entered
10:09:04.291 INFO  TC_001_LoginDDT -login button pressed
10:09:12.044 INFO  TC_001_LoginDDT -personal details are displayed
10:11:26.571 INFO  TC_001_LoginDDT -Orange site opened
10:11:34.093 INFO  TC_001_LoginDDT -username entered
10:11:34.281 INFO  TC_001_LoginDDT -passeword entered
10:11:36.107 INFO  TC_001_LoginDDT -login button pressed
10:11:36.135 INFO  TC_001_LoginDDT -login passed : valid credentials 
 Myinfo page is not displayed !
10:11:38.313 INFO  TC_001_LoginDDT -username entered
10:11:38.470 INFO  TC_001_LoginDDT -passeword entered
10:11:39.701 INFO  TC_001_LoginDDT -login button pressed
10:11:39.718 INFO  TC_001_LoginDDT -login failed : invalid credentials
10:11:39.914 INFO  TC_001_LoginDDT -username entered
10:11:40.119 INFO  TC_001_LoginDDT -passeword entered
10:11:40.706 INFO  TC_001_LoginDDT -login button pressed
10:11:40.736 INFO  TC_001_LoginDDT -login failed : invalid credentials
10:11:40.975 INFO  TC_001_LoginDDT -username entered
10:11:41.181 INFO  TC_001_LoginDDT -passeword entered
10:11:41.744 INFO  TC_001_LoginDDT -login button pressed
10:11:41.760 INFO  TC_001_LoginDDT -login failed : invalid credentials
10:11:49.292 INFO  TC_001_LoginDDT -Orange site opened
10:11:49.519 INFO  TC_001_LoginDDT -username entered
10:11:49.710 INFO  TC_001_LoginDDT -passeword entered
10:11:52.389 INFO  TC_001_LoginDDT -login button pressed
10:11:52.684 INFO  TC_001_LoginDDT -login passed
10:12:00.065 INFO  TC_001_LoginDDT -Orange site opened
10:12:00.422 INFO  TC_001_LoginDDT -username entered
10:12:00.681 INFO  TC_001_LoginDDT -passeword entered
10:12:02.687 INFO  TC_001_LoginDDT -login button pressed
10:12:03.989 INFO  TC_001_LoginDDT -My Info tab is clicked
10:12:04.115 INFO  TC_001_LoginDDT -personal details are displayed
10:34:49.701 INFO  TC_001_LoginDDT -Orange site opened
10:34:50.903 INFO  TC_001_LoginDDT -username entered
10:34:51.131 INFO  TC_001_LoginDDT -passeword entered
10:34:56.177 INFO  TC_001_LoginDDT -login button pressed
10:34:58.768 INFO  TC_001_LoginDDT -My Info tab is clicked
10:34:59.672 INFO  TC_001_LoginDDT -Personal Details link is clicked
10:34:59.869 INFO  TC_001_LoginDDT -Edit button is clicked
10:35:00.144 INFO  TC_001_LoginDDT -First name is modified
10:35:00.330 INFO  TC_001_LoginDDT -Middle name is modified
10:35:00.693 INFO  TC_001_LoginDDT -Last name is modified
10:35:01.712 INFO  TC_001_LoginDDT -License expiry date is modified
10:35:02.100 INFO  TC_001_LoginDDT -Gender is modified
10:45:39.010 INFO  TC_001_LoginDDT -Orange site opened
10:45:39.622 INFO  TC_001_LoginDDT -username entered
10:45:39.814 INFO  TC_001_LoginDDT -passeword entered
10:45:42.077 INFO  TC_001_LoginDDT -login button pressed
10:45:44.089 INFO  TC_001_LoginDDT -My Info tab is clicked
10:45:46.158 INFO  TC_001_LoginDDT -Personal Details link is clicked
10:45:46.363 INFO  TC_001_LoginDDT -Edit button is clicked
10:45:46.879 INFO  TC_001_LoginDDT -First name is modified
10:45:47.094 INFO  TC_001_LoginDDT -Middle name is modified
10:45:47.647 INFO  TC_001_LoginDDT -Last name is modified
10:45:48.256 INFO  TC_001_LoginDDT -License expiry date is modified
10:45:49.042 INFO  TC_001_LoginDDT -Gender is modified
10:50:09.512 INFO  TC_001_LoginDDT -Orange site opened
10:50:10.092 INFO  TC_001_LoginDDT -username entered
10:50:10.365 INFO  TC_001_LoginDDT -passeword entered
10:50:12.136 INFO  TC_001_LoginDDT -login button pressed
10:50:13.486 INFO  TC_001_LoginDDT -My Info tab is clicked
10:50:14.558 INFO  TC_001_LoginDDT -Personal Details link is clicked
10:50:14.768 INFO  TC_001_LoginDDT -Edit button is clicked
10:50:15.151 INFO  TC_001_LoginDDT -First name is modified
10:50:15.444 INFO  TC_001_LoginDDT -Middle name is modified
10:50:15.784 INFO  TC_001_LoginDDT -Last name is modified
10:50:16.679 INFO  TC_001_LoginDDT -License expiry date is modified
10:50:16.891 INFO  TC_001_LoginDDT -Gender is modified
10:53:00.090 INFO  TC_001_LoginDDT -Orange site opened
10:53:00.525 INFO  TC_001_LoginDDT -username entered
10:53:00.760 INFO  TC_001_LoginDDT -passeword entered
10:53:03.140 INFO  TC_001_LoginDDT -login button pressed
10:53:05.179 INFO  TC_001_LoginDDT -My Info tab is clicked
10:53:06.293 INFO  TC_001_LoginDDT -Personal Details link is clicked
10:53:06.539 INFO  TC_001_LoginDDT -Edit button is clicked
10:53:06.954 INFO  TC_001_LoginDDT -First name is modified
10:53:07.273 INFO  TC_001_LoginDDT -Middle name is modified
10:53:07.572 INFO  TC_001_LoginDDT -Last name is modified
10:53:08.295 INFO  TC_001_LoginDDT -License expiry date is modified
10:53:08.491 INFO  TC_001_LoginDDT -Gender is modified
11:10:05.392 INFO  TC_001_LoginDDT -Orange site opened
11:10:06.110 INFO  TC_001_LoginDDT -username entered
11:10:06.443 INFO  TC_001_LoginDDT -passeword entered
11:10:07.420 INFO  TC_001_LoginDDT -login button pressed
11:12:38.029 INFO  TC_001_LoginDDT -Orange site opened
11:12:38.508 INFO  TC_001_LoginDDT -username entered
11:12:38.744 INFO  TC_001_LoginDDT -passeword entered
11:12:40.385 INFO  TC_001_LoginDDT -login button pressed
11:12:40.510 INFO  TC_001_LoginDDT -My Info tab is clicked
11:13:26.391 INFO  TC_001_LoginDDT -Orange site opened
11:13:26.829 INFO  TC_001_LoginDDT -username entered
11:13:27.131 INFO  TC_001_LoginDDT -passeword entered
11:13:29.179 INFO  TC_001_LoginDDT -login button pressed
11:13:30.441 INFO  TC_001_LoginDDT -My Info tab is clicked
11:13:31.255 INFO  TC_001_LoginDDT -Personal Details link is clicked
11:13:31.423 INFO  TC_001_LoginDDT -Edit button is clicked
11:13:31.706 INFO  TC_001_LoginDDT -First name is modified
11:13:31.939 INFO  TC_001_LoginDDT -Middle name is modified
11:13:32.189 INFO  TC_001_LoginDDT -Last name is modified
11:13:32.731 INFO  TC_001_LoginDDT -License expiry date is modified
11:13:32.887 INFO  TC_001_LoginDDT -Gender is modified
11:23:45.798 INFO  TC_001_LoginDDT -Orange site opened
11:23:48.219 INFO  TC_001_LoginDDT -username entered
11:23:48.428 INFO  TC_001_LoginDDT -passeword entered
11:23:50.876 INFO  TC_001_LoginDDT -login button pressed
11:23:52.870 INFO  TC_001_LoginDDT -My Info tab is clicked
11:23:53.737 INFO  TC_001_LoginDDT -Personal Details link is clicked
11:23:53.922 INFO  TC_001_LoginDDT -Edit button is clicked
11:23:54.296 INFO  TC_001_LoginDDT -First name is modified
11:23:54.574 INFO  TC_001_LoginDDT -Middle name is modified
11:23:54.846 INFO  TC_001_LoginDDT -Last name is modified
11:23:55.411 INFO  TC_001_LoginDDT -License expiry date is modified
11:23:55.623 INFO  TC_001_LoginDDT -Gender is modified
11:23:55.896 INFO  TC_001_LoginDDT -Marital status is modified
11:23:56.105 INFO  TC_001_LoginDDT -Nationality is modified
12:18:34.972 INFO  TC_001_LoginDDT -Orange site opened
12:18:35.805 INFO  TC_001_LoginDDT -username entered
12:18:36.016 INFO  TC_001_LoginDDT -passeword entered
12:18:40.587 INFO  TC_001_LoginDDT -login button pressed
12:18:45.480 INFO  TC_001_LoginDDT -My Info tab is clicked
12:18:47.046 INFO  TC_001_LoginDDT -Personal Details link is clicked
12:18:47.246 INFO  TC_001_LoginDDT -Edit button is clicked
12:18:47.590 INFO  TC_001_LoginDDT -First name is modified
12:18:47.861 INFO  TC_001_LoginDDT -Middle name is modified
12:18:48.143 INFO  TC_001_LoginDDT -Last name is modified
12:18:48.790 INFO  TC_001_LoginDDT -License expiry date is modified
12:18:49.698 INFO  TC_001_LoginDDT -Gender is modified
12:18:50.329 INFO  TC_001_LoginDDT -Marital status is modified
12:21:29.963 INFO  TC_001_LoginDDT -Orange site opened
12:21:30.720 INFO  TC_001_LoginDDT -username entered
12:21:31.156 INFO  TC_001_LoginDDT -passeword entered
12:21:33.537 INFO  TC_001_LoginDDT -login button pressed
12:21:35.159 INFO  TC_001_LoginDDT -My Info tab is clicked
12:21:36.016 INFO  TC_001_LoginDDT -Personal Details link is clicked
12:21:36.224 INFO  TC_001_LoginDDT -Edit button is clicked
12:21:36.726 INFO  TC_001_LoginDDT -First name is modified
12:21:37.078 INFO  TC_001_LoginDDT -Middle name is modified
12:21:37.356 INFO  TC_001_LoginDDT -Last name is modified
12:21:38.011 INFO  TC_001_LoginDDT -License expiry date is modified
12:21:38.175 INFO  TC_001_LoginDDT -Gender is modified
12:21:38.428 INFO  TC_001_LoginDDT -Marital status is modified
12:24:10.098 INFO  TC_001_LoginDDT -Orange site opened
12:24:11.046 INFO  TC_001_LoginDDT -username entered
12:24:11.361 INFO  TC_001_LoginDDT -passeword entered
12:24:13.564 INFO  TC_001_LoginDDT -login button pressed
12:24:14.812 INFO  TC_001_LoginDDT -My Info tab is clicked
12:24:15.876 INFO  TC_001_LoginDDT -Personal Details link is clicked
12:24:16.083 INFO  TC_001_LoginDDT -Edit button is clicked
12:24:16.498 INFO  TC_001_LoginDDT -First name is modified
12:24:16.852 INFO  TC_001_LoginDDT -Middle name is modified
12:24:17.148 INFO  TC_001_LoginDDT -Last name is modified
12:24:17.863 INFO  TC_001_LoginDDT -License expiry date is modified
12:24:18.060 INFO  TC_001_LoginDDT -Gender is modified
12:24:18.386 INFO  TC_001_LoginDDT -Marital status is modified
12:25:32.262 INFO  TC_001_LoginDDT -Orange site opened
12:25:32.734 INFO  TC_001_LoginDDT -username entered
12:25:32.935 INFO  TC_001_LoginDDT -passeword entered
12:25:34.567 INFO  TC_001_LoginDDT -login button pressed
12:25:34.725 INFO  TC_001_LoginDDT -My Info tab is clicked
12:26:23.031 INFO  TC_001_LoginDDT -Orange site opened
12:26:23.483 INFO  TC_001_LoginDDT -username entered
12:26:23.667 INFO  TC_001_LoginDDT -passeword entered
12:26:25.959 INFO  TC_001_LoginDDT -login button pressed
12:26:27.571 INFO  TC_001_LoginDDT -My Info tab is clicked
12:26:28.347 INFO  TC_001_LoginDDT -Personal Details link is clicked
12:26:28.548 INFO  TC_001_LoginDDT -Edit button is clicked
12:26:28.860 INFO  TC_001_LoginDDT -First name is modified
12:26:29.104 INFO  TC_001_LoginDDT -Middle name is modified
12:26:29.449 INFO  TC_001_LoginDDT -Last name is modified
12:26:30.099 INFO  TC_001_LoginDDT -License expiry date is modified
12:26:30.262 INFO  TC_001_LoginDDT -Gender is modified
12:27:42.069 INFO  TC_001_LoginDDT -Orange site opened
12:27:42.959 INFO  TC_001_LoginDDT -username entered
12:27:43.211 INFO  TC_001_LoginDDT -passeword entered
12:27:45.000 INFO  TC_001_LoginDDT -login button pressed
12:27:46.299 INFO  TC_001_LoginDDT -My Info tab is clicked
12:27:47.156 INFO  TC_001_LoginDDT -Personal Details link is clicked
12:27:47.334 INFO  TC_001_LoginDDT -Edit button is clicked
12:27:47.671 INFO  TC_001_LoginDDT -First name is modified
12:27:47.963 INFO  TC_001_LoginDDT -Middle name is modified
12:27:48.325 INFO  TC_001_LoginDDT -Last name is modified
12:27:49.113 INFO  TC_001_LoginDDT -License expiry date is modified
12:27:49.314 INFO  TC_001_LoginDDT -Gender is modified
12:29:15.772 INFO  TC_001_LoginDDT -Orange site opened
12:29:16.286 INFO  TC_001_LoginDDT -username entered
12:29:16.503 INFO  TC_001_LoginDDT -passeword entered
12:29:18.180 INFO  TC_001_LoginDDT -login button pressed
12:29:18.291 INFO  TC_001_LoginDDT -My Info tab is clicked
12:29:51.500 INFO  TC_001_LoginDDT -Orange site opened
12:29:51.932 INFO  TC_001_LoginDDT -username entered
12:29:52.130 INFO  TC_001_LoginDDT -passeword entered
12:29:54.046 INFO  TC_001_LoginDDT -login button pressed
12:29:56.228 INFO  TC_001_LoginDDT -My Info tab is clicked
12:29:57.103 INFO  TC_001_LoginDDT -Personal Details link is clicked
12:29:57.307 INFO  TC_001_LoginDDT -Edit button is clicked
12:29:57.728 INFO  TC_001_LoginDDT -First name is modified
12:29:58.047 INFO  TC_001_LoginDDT -Middle name is modified
12:29:58.388 INFO  TC_001_LoginDDT -Last name is modified
12:29:59.215 INFO  TC_001_LoginDDT -License expiry date is modified
12:29:59.426 INFO  TC_001_LoginDDT -Gender is modified
12:32:34.838 INFO  TC_001_LoginDDT -Orange site opened
12:32:35.828 INFO  TC_001_LoginDDT -username entered
12:32:36.028 INFO  TC_001_LoginDDT -passeword entered
12:32:37.591 INFO  TC_001_LoginDDT -login button pressed
12:32:37.755 INFO  TC_001_LoginDDT -My Info tab is clicked
12:33:07.782 INFO  TC_001_LoginDDT -Orange site opened
12:33:08.443 INFO  TC_001_LoginDDT -username entered
12:33:08.879 INFO  TC_001_LoginDDT -passeword entered
12:33:10.545 INFO  TC_001_LoginDDT -login button pressed
12:33:10.750 INFO  TC_001_LoginDDT -My Info tab is clicked
12:33:47.289 INFO  TC_001_LoginDDT -Orange site opened
12:33:47.767 INFO  TC_001_LoginDDT -username entered
12:33:48.043 INFO  TC_001_LoginDDT -passeword entered
12:33:49.984 INFO  TC_001_LoginDDT -login button pressed
12:33:51.636 INFO  TC_001_LoginDDT -My Info tab is clicked
12:33:52.960 INFO  TC_001_LoginDDT -Personal Details link is clicked
12:33:53.164 INFO  TC_001_LoginDDT -Edit button is clicked
12:33:53.570 INFO  TC_001_LoginDDT -First name is modified
12:33:53.945 INFO  TC_001_LoginDDT -Middle name is modified
12:33:54.247 INFO  TC_001_LoginDDT -Last name is modified
12:33:55.002 INFO  TC_001_LoginDDT -License expiry date is modified
12:33:55.251 INFO  TC_001_LoginDDT -Gender is modified
12:38:19.786 INFO  TC_001_LoginDDT -Orange site opened
12:38:20.363 INFO  TC_001_LoginDDT -username entered
12:38:20.783 INFO  TC_001_LoginDDT -passeword entered
12:38:22.872 INFO  TC_001_LoginDDT -login button pressed
12:38:25.028 INFO  TC_001_LoginDDT -My Info tab is clicked
12:38:26.322 INFO  TC_001_LoginDDT -Personal Details link is clicked
12:38:26.599 INFO  TC_001_LoginDDT -Edit button is clicked
12:38:27.054 INFO  TC_001_LoginDDT -First name is modified
12:38:27.331 INFO  TC_001_LoginDDT -Middle name is modified
12:38:27.592 INFO  TC_001_LoginDDT -Last name is modified
12:38:28.201 INFO  TC_001_LoginDDT -License expiry date is modified
12:38:28.398 INFO  TC_001_LoginDDT -Gender is modified
12:41:46.392 INFO  TC_001_LoginDDT -Orange site opened
12:41:46.822 INFO  TC_001_LoginDDT -username entered
12:41:47.006 INFO  TC_001_LoginDDT -passeword entered
12:41:49.805 INFO  TC_001_LoginDDT -login button pressed
12:41:51.918 INFO  TC_001_LoginDDT -My Info tab is clicked
12:41:52.792 INFO  TC_001_LoginDDT -Personal Details link is clicked
12:41:52.969 INFO  TC_001_LoginDDT -Edit button is clicked
12:41:53.317 INFO  TC_001_LoginDDT -First name is modified
12:41:53.613 INFO  TC_001_LoginDDT -Middle name is modified
12:41:53.933 INFO  TC_001_LoginDDT -Last name is modified
12:41:54.767 INFO  TC_001_LoginDDT -License expiry date is modified
12:41:55.030 INFO  TC_001_LoginDDT -Gender is modified
12:59:28.823 INFO  TC_001_LoginDDT -Orange site opened
12:59:29.289 INFO  TC_001_LoginDDT -username entered
12:59:29.483 INFO  TC_001_LoginDDT -passeword entered
12:59:36.133 INFO  TC_001_LoginDDT -login button pressed
12:59:39.794 INFO  TC_001_LoginDDT -My Info tab is clicked
12:59:40.979 INFO  TC_001_LoginDDT -Personal Details link is clicked
12:59:41.148 INFO  TC_001_LoginDDT -Edit button is clicked
12:59:41.492 INFO  TC_001_LoginDDT -First name is modified
12:59:41.794 INFO  TC_001_LoginDDT -Middle name is modified
12:59:42.112 INFO  TC_001_LoginDDT -Last name is modified
12:59:43.256 INFO  TC_001_LoginDDT -License expiry date is modified
12:59:43.474 INFO  TC_001_LoginDDT -Gender is modified
12:59:44.017 INFO  TC_001_LoginDDT -Marital status is modified
13:00:56.386 INFO  TC_001_LoginDDT -Orange site opened
13:00:56.866 INFO  TC_001_LoginDDT -username entered
13:00:57.035 INFO  TC_001_LoginDDT -passeword entered
13:00:58.481 INFO  TC_001_LoginDDT -login button pressed
13:02:38.169 INFO  TC_001_LoginDDT -Orange site opened
13:02:38.583 INFO  TC_001_LoginDDT -username entered
13:02:38.830 INFO  TC_001_LoginDDT -passeword entered
13:02:41.047 INFO  TC_001_LoginDDT -login button pressed
13:02:42.683 INFO  TC_001_LoginDDT -My Info tab is clicked
13:02:43.579 INFO  TC_001_LoginDDT -Personal Details link is clicked
13:02:43.803 INFO  TC_001_LoginDDT -Edit button is clicked
13:02:44.203 INFO  TC_001_LoginDDT -First name is modified
13:02:44.610 INFO  TC_001_LoginDDT -Middle name is modified
13:02:45.049 INFO  TC_001_LoginDDT -Last name is modified
13:02:45.771 INFO  TC_001_LoginDDT -License expiry date is modified
13:02:45.941 INFO  TC_001_LoginDDT -Gender is modified
13:02:46.240 INFO  TC_001_LoginDDT -Marital status is modified
13:02:46.482 INFO  TC_001_LoginDDT -Nationality is modified
13:02:46.680 INFO  TC_001_LoginDDT -Save button is pressed
13:04:59.927 INFO  TC_001_LoginDDT -Orange site opened
13:05:00.487 INFO  TC_001_LoginDDT -username entered
13:05:00.807 INFO  TC_001_LoginDDT -passeword entered
13:05:02.588 INFO  TC_001_LoginDDT -login button pressed
13:05:03.981 INFO  TC_001_LoginDDT -My Info tab is clicked
13:05:04.888 INFO  TC_001_LoginDDT -Personal Details link is clicked
13:05:05.087 INFO  TC_001_LoginDDT -Edit button is clicked
13:05:05.433 INFO  TC_001_LoginDDT -First name is modified
13:05:05.709 INFO  TC_001_LoginDDT -Middle name is modified
13:05:06.024 INFO  TC_001_LoginDDT -Last name is modified
13:05:06.896 INFO  TC_001_LoginDDT -License expiry date is modified
13:05:07.061 INFO  TC_001_LoginDDT -Gender is modified
13:05:07.322 INFO  TC_001_LoginDDT -Marital status is modified
13:05:07.498 INFO  TC_001_LoginDDT -Nationality is modified
13:05:07.641 INFO  TC_001_LoginDDT -Save button is pressed
13:14:39.651 INFO  TC_001_LoginDDT -Orange site opened
13:14:40.096 INFO  TC_001_LoginDDT -username entered
13:14:40.294 INFO  TC_001_LoginDDT -passeword entered
13:14:42.400 INFO  TC_001_LoginDDT -login button pressed
13:14:44.257 INFO  TC_001_LoginDDT -My Info tab is clicked
13:14:45.219 INFO  TC_001_LoginDDT -Personal Details link is clicked
13:14:45.413 INFO  TC_001_LoginDDT -Edit button is clicked
13:14:45.760 INFO  TC_001_LoginDDT -First name is modified
13:14:46.052 INFO  TC_001_LoginDDT -Middle name is modified
13:14:46.392 INFO  TC_001_LoginDDT -Last name is modified
13:14:47.118 INFO  TC_001_LoginDDT -License expiry date is modified
13:14:47.396 INFO  TC_001_LoginDDT -Gender is modified
13:14:47.796 INFO  TC_001_LoginDDT -Marital status is modified
13:14:48.063 INFO  TC_001_LoginDDT -Nationality is modified
13:14:48.262 INFO  TC_001_LoginDDT -Save button is pressed
13:16:52.789 INFO  TC_001_LoginDDT -Orange site opened
13:16:53.339 INFO  TC_001_LoginDDT -username entered
13:16:53.685 INFO  TC_001_LoginDDT -passeword entered
13:16:55.477 INFO  TC_001_LoginDDT -login button pressed
13:16:56.627 INFO  TC_001_LoginDDT -My Info tab is clicked
13:16:57.374 INFO  TC_001_LoginDDT -Personal Details link is clicked
13:16:57.512 INFO  TC_001_LoginDDT -Edit button is clicked
13:16:57.779 INFO  TC_001_LoginDDT -First name is modified
13:16:57.993 INFO  TC_001_LoginDDT -Middle name is modified
13:16:58.227 INFO  TC_001_LoginDDT -Last name is modified
13:16:58.770 INFO  TC_001_LoginDDT -License expiry date is modified
13:16:58.915 INFO  TC_001_LoginDDT -Gender is modified
13:16:59.185 INFO  TC_001_LoginDDT -Marital status is modified
13:16:59.376 INFO  TC_001_LoginDDT -Nationality is modified
13:16:59.530 INFO  TC_001_LoginDDT -Save button is pressed
13:19:21.298 INFO  TC_001_LoginDDT -Orange site opened
13:19:21.896 INFO  TC_001_LoginDDT -username entered
13:19:22.110 INFO  TC_001_LoginDDT -passeword entered
13:19:23.902 INFO  TC_001_LoginDDT -login button pressed
13:19:25.469 INFO  TC_001_LoginDDT -My Info tab is clicked
13:19:26.276 INFO  TC_001_LoginDDT -Personal Details link is clicked
13:19:26.485 INFO  TC_001_LoginDDT -Edit button is clicked
13:19:26.903 INFO  TC_001_LoginDDT -First name is modified
13:19:27.261 INFO  TC_001_LoginDDT -Middle name is modified
13:19:27.599 INFO  TC_001_LoginDDT -Last name is modified
13:19:28.403 INFO  TC_001_LoginDDT -License expiry date is modified
13:19:28.609 INFO  TC_001_LoginDDT -Gender is modified
13:19:28.951 INFO  TC_001_LoginDDT -Marital status is modified
13:19:29.275 INFO  TC_001_LoginDDT -Nationality is modified
13:19:29.559 INFO  TC_001_LoginDDT -Save button is pressed
13:21:48.945 INFO  TC_001_LoginDDT -Orange site opened
13:21:49.455 INFO  TC_001_LoginDDT -username entered
13:21:49.654 INFO  TC_001_LoginDDT -passeword entered
13:21:51.576 INFO  TC_001_LoginDDT -login button pressed
13:21:53.134 INFO  TC_001_LoginDDT -My Info tab is clicked
13:21:54.007 INFO  TC_001_LoginDDT -Personal Details link is clicked
13:21:54.225 INFO  TC_001_LoginDDT -Edit button is clicked
13:21:54.676 INFO  TC_001_LoginDDT -First name is modified
13:21:55.067 INFO  TC_001_LoginDDT -Middle name is modified
13:21:55.481 INFO  TC_001_LoginDDT -Last name is modified
13:21:56.512 INFO  TC_001_LoginDDT -License expiry date is modified
13:21:56.726 INFO  TC_001_LoginDDT -Gender is modified
13:21:57.085 INFO  TC_001_LoginDDT -Marital status is modified
13:21:57.339 INFO  TC_001_LoginDDT -Nationality is modified
13:21:58.751 INFO  TC_001_LoginDDT -Save button is pressed
13:21:58.971 INFO  TC_001_LoginDDT -Personal Details are modified and saved successfully
13:23:05.634 INFO  TC_001_LoginDDT -Orange site opened
13:23:06.263 INFO  TC_001_LoginDDT -username entered
13:23:06.535 INFO  TC_001_LoginDDT -passeword entered
13:23:08.214 INFO  TC_001_LoginDDT -login button pressed
13:23:08.376 INFO  TC_001_LoginDDT -My Info tab is clicked
13:23:41.963 INFO  TC_001_LoginDDT -Orange site opened
13:23:42.418 INFO  TC_001_LoginDDT -username entered
13:23:42.636 INFO  TC_001_LoginDDT -passeword entered
13:23:44.324 INFO  TC_001_LoginDDT -login button pressed
13:23:44.470 INFO  TC_001_LoginDDT -My Info tab is clicked
13:24:19.528 INFO  TC_001_LoginDDT -Orange site opened
13:24:19.976 INFO  TC_001_LoginDDT -username entered
13:24:20.157 INFO  TC_001_LoginDDT -passeword entered
13:24:21.847 INFO  TC_001_LoginDDT -login button pressed
13:24:22.031 INFO  TC_001_LoginDDT -My Info tab is clicked
13:25:07.030 INFO  TC_001_LoginDDT -Orange site opened
13:25:07.553 INFO  TC_001_LoginDDT -username entered
13:25:07.787 INFO  TC_001_LoginDDT -passeword entered
13:25:09.640 INFO  TC_001_LoginDDT -login button pressed
13:25:10.894 INFO  TC_001_LoginDDT -My Info tab is clicked
13:25:11.734 INFO  TC_001_LoginDDT -Personal Details link is clicked
13:25:11.899 INFO  TC_001_LoginDDT -Edit button is clicked
13:25:12.203 INFO  TC_001_LoginDDT -First name is modified
13:25:12.438 INFO  TC_001_LoginDDT -Middle name is modified
13:25:12.694 INFO  TC_001_LoginDDT -Last name is modified
13:25:13.311 INFO  TC_001_LoginDDT -License expiry date is modified
13:25:13.492 INFO  TC_001_LoginDDT -Gender is modified
13:25:13.755 INFO  TC_001_LoginDDT -Marital status is modified
13:25:13.909 INFO  TC_001_LoginDDT -Nationality is modified
13:25:15.234 INFO  TC_001_LoginDDT -Save button is pressed
13:25:15.411 INFO  TC_001_LoginDDT -Personal Details are modified and saved successfully
14:10:50.071 INFO  TC_001_LoginDDT -Orange site opened
14:10:58.926 INFO  TC_001_LoginDDT -username entered
14:10:59.184 INFO  TC_001_LoginDDT -passeword entered
14:11:01.590 INFO  TC_001_LoginDDT -login button pressed
14:11:01.616 INFO  TC_001_LoginDDT -login passed : valid credentials 
 Myinfo page is not displayed !
14:11:03.740 INFO  TC_001_LoginDDT -username entered
14:11:03.879 INFO  TC_001_LoginDDT -passeword entered
14:11:05.114 INFO  TC_001_LoginDDT -login button pressed
14:11:05.130 INFO  TC_001_LoginDDT -login failed : invalid credentials
14:11:05.402 INFO  TC_001_LoginDDT -username entered
14:11:05.591 INFO  TC_001_LoginDDT -passeword entered
14:11:06.284 INFO  TC_001_LoginDDT -login button pressed
14:11:06.323 INFO  TC_001_LoginDDT -login failed : invalid credentials
14:11:06.509 INFO  TC_001_LoginDDT -username entered
14:11:06.689 INFO  TC_001_LoginDDT -passeword entered
14:11:07.414 INFO  TC_001_LoginDDT -login button pressed
14:11:07.441 INFO  TC_001_LoginDDT -login failed : invalid credentials
14:11:16.180 INFO  TC_001_LoginDDT -Orange site opened
14:11:16.459 INFO  TC_001_LoginDDT -username entered
14:11:16.619 INFO  TC_001_LoginDDT -passeword entered
14:11:18.343 INFO  TC_001_LoginDDT -login button pressed
14:11:18.554 INFO  TC_001_LoginDDT -login passed
14:11:25.975 INFO  TC_001_LoginDDT -Orange site opened
14:11:27.149 INFO  TC_001_LoginDDT -username entered
14:11:27.435 INFO  TC_001_LoginDDT -passeword entered
14:11:31.789 INFO  TC_001_LoginDDT -login button pressed
14:11:36.474 INFO  TC_001_LoginDDT -My Info tab is clicked
14:11:36.640 INFO  TC_001_LoginDDT -personal details are displayed
14:11:45.945 INFO  TC_001_LoginDDT -Orange site opened
14:11:46.317 INFO  TC_001_LoginDDT -username entered
14:11:46.648 INFO  TC_001_LoginDDT -passeword entered
14:11:48.495 INFO  TC_001_LoginDDT -login button pressed
14:11:48.712 INFO  TC_001_LoginDDT -My Info tab is clicked
14:18:11.323 INFO  TC_001_LoginDDT -Orange site opened
14:18:13.966 INFO  TC_001_LoginDDT -username entered
14:18:14.119 INFO  TC_001_LoginDDT -passeword entered
14:18:15.868 INFO  TC_001_LoginDDT -login button pressed
14:18:15.921 INFO  TC_001_LoginDDT -login passed : valid credentials 
 Myinfo page is not displayed !
14:18:18.185 INFO  TC_001_LoginDDT -username entered
14:18:18.401 INFO  TC_001_LoginDDT -passeword entered
14:18:19.940 INFO  TC_001_LoginDDT -login button pressed
14:18:19.954 INFO  TC_001_LoginDDT -login failed : invalid credentials
14:18:20.153 INFO  TC_001_LoginDDT -username entered
14:18:20.334 INFO  TC_001_LoginDDT -passeword entered
14:18:21.104 INFO  TC_001_LoginDDT -login button pressed
14:18:21.151 INFO  TC_001_LoginDDT -login failed : invalid credentials
14:18:21.418 INFO  TC_001_LoginDDT -username entered
14:18:21.629 INFO  TC_001_LoginDDT -passeword entered
14:18:22.375 INFO  TC_001_LoginDDT -login button pressed
14:18:22.401 INFO  TC_001_LoginDDT -login failed : invalid credentials
14:18:33.239 INFO  TC_001_LoginDDT -Orange site opened
14:18:33.562 INFO  TC_001_LoginDDT -username entered
14:18:33.858 INFO  TC_001_LoginDDT -passeword entered
14:18:35.827 INFO  TC_001_LoginDDT -login button pressed
14:18:35.987 INFO  TC_001_LoginDDT -login passed
14:18:44.960 INFO  TC_001_LoginDDT -Orange site opened
14:18:45.435 INFO  TC_001_LoginDDT -username entered
14:18:45.811 INFO  TC_001_LoginDDT -passeword entered
14:18:48.238 INFO  TC_001_LoginDDT -login button pressed
14:18:50.061 INFO  TC_001_LoginDDT -My Info tab is clicked
14:18:50.182 INFO  TC_001_LoginDDT -personal details are displayed
14:18:59.804 INFO  TC_001_LoginDDT -Orange site opened
14:19:00.090 INFO  TC_001_LoginDDT -username entered
14:19:00.294 INFO  TC_001_LoginDDT -passeword entered
14:19:02.308 INFO  TC_001_LoginDDT -login button pressed
14:19:02.516 INFO  TC_001_LoginDDT -My Info tab is clicked
14:21:41.815 INFO  TC_001_LoginDDT -Orange site opened
14:21:44.325 INFO  TC_001_LoginDDT -username entered
14:21:44.501 INFO  TC_001_LoginDDT -passeword entered
14:21:46.197 INFO  TC_001_LoginDDT -login button pressed
14:21:46.223 INFO  TC_001_LoginDDT -login passed : valid credentials 
 Myinfo page is not displayed !
14:21:48.348 INFO  TC_001_LoginDDT -username entered
14:21:48.510 INFO  TC_001_LoginDDT -passeword entered
14:21:49.708 INFO  TC_001_LoginDDT -login button pressed
14:21:49.726 INFO  TC_001_LoginDDT -login failed : invalid credentials
14:21:50.002 INFO  TC_001_LoginDDT -username entered
14:21:50.178 INFO  TC_001_LoginDDT -passeword entered
14:21:50.877 INFO  TC_001_LoginDDT -login button pressed
14:21:50.928 INFO  TC_001_LoginDDT -login failed : invalid credentials
14:21:51.151 INFO  TC_001_LoginDDT -username entered
14:21:51.346 INFO  TC_001_LoginDDT -passeword entered
14:21:52.424 INFO  TC_001_LoginDDT -login button pressed
14:21:52.467 INFO  TC_001_LoginDDT -login failed : invalid credentials
14:22:00.157 INFO  TC_001_LoginDDT -Orange site opened
14:22:00.432 INFO  TC_001_LoginDDT -username entered
14:22:00.662 INFO  TC_001_LoginDDT -passeword entered
14:22:02.562 INFO  TC_001_LoginDDT -login button pressed
14:22:02.798 INFO  TC_001_LoginDDT -login passed
14:22:10.227 INFO  TC_001_LoginDDT -Orange site opened
14:22:11.751 INFO  TC_001_LoginDDT -username entered
14:22:12.224 INFO  TC_001_LoginDDT -passeword entered
14:22:14.332 INFO  TC_001_LoginDDT -login button pressed
14:22:16.763 INFO  TC_001_LoginDDT -My Info tab is clicked
14:22:16.897 INFO  TC_001_LoginDDT -personal details are displayed
14:22:24.689 INFO  TC_001_LoginDDT -Orange site opened
14:22:24.972 INFO  TC_001_LoginDDT -username entered
14:22:25.179 INFO  TC_001_LoginDDT -passeword entered
14:22:27.079 INFO  TC_001_LoginDDT -login button pressed
14:22:28.737 INFO  TC_001_LoginDDT -My Info tab is clicked
14:22:30.123 INFO  TC_001_LoginDDT -Personal Details link is clicked
14:22:30.306 INFO  TC_001_LoginDDT -Edit button is clicked
14:22:30.688 INFO  TC_001_LoginDDT -First name is modified
14:22:30.966 INFO  TC_001_LoginDDT -Middle name is modified
14:22:31.259 INFO  TC_001_LoginDDT -Last name is modified
14:22:31.873 INFO  TC_001_LoginDDT -License expiry date is modified
14:22:32.045 INFO  TC_001_LoginDDT -Gender is modified
14:22:32.264 INFO  TC_001_LoginDDT -Marital status is modified
14:22:32.384 INFO  TC_001_LoginDDT -Nationality is modified
14:22:33.492 INFO  TC_001_LoginDDT -Save button is pressed
14:22:33.638 INFO  TC_001_LoginDDT -Personal Details are modified and saved successfully
10:40:40.912 INFO  TC_001_LoginDDT -Orange site opened
10:40:42.665 INFO  TC_001_LoginDDT -username entered
10:40:42.874 INFO  TC_001_LoginDDT -passeword entered
10:40:46.963 INFO  TC_001_LoginDDT -login button pressed
10:40:48.947 INFO  TC_001_LoginDDT -My Info tab is clicked
10:43:47.869 INFO  TC_001_LoginDDT -Orange site opened
10:43:48.309 INFO  TC_001_LoginDDT -username entered
10:43:48.526 INFO  TC_001_LoginDDT -passeword entered
10:43:50.788 INFO  TC_001_LoginDDT -login button pressed
10:43:52.362 INFO  TC_001_LoginDDT -My Info tab is clicked
10:47:12.877 INFO  TC_001_LoginDDT -Orange site opened
10:47:13.392 INFO  TC_001_LoginDDT -username entered
10:47:13.683 INFO  TC_001_LoginDDT -passeword entered
10:47:15.246 INFO  TC_001_LoginDDT -login button pressed
10:47:16.473 INFO  TC_001_LoginDDT -My Info tab is clicked
10:49:07.320 INFO  TC_001_LoginDDT -Orange site opened
10:49:07.965 INFO  TC_001_LoginDDT -username entered
10:49:08.296 INFO  TC_001_LoginDDT -passeword entered
10:49:10.959 INFO  TC_001_LoginDDT -login button pressed
10:49:13.634 INFO  TC_001_LoginDDT -My Info tab is clicked
10:51:33.110 INFO  TC_001_LoginDDT -Orange site opened
10:51:33.590 INFO  TC_001_LoginDDT -username entered
10:51:33.844 INFO  TC_001_LoginDDT -passeword entered
10:51:35.898 INFO  TC_001_LoginDDT -login button pressed
10:51:37.267 INFO  TC_001_LoginDDT -My Info tab is clicked
10:53:26.502 INFO  TC_001_LoginDDT -Orange site opened
10:53:26.982 INFO  TC_001_LoginDDT -username entered
10:53:27.169 INFO  TC_001_LoginDDT -passeword entered
10:53:29.344 INFO  TC_001_LoginDDT -login button pressed
10:53:30.740 INFO  TC_001_LoginDDT -My Info tab is clicked
11:02:09.613 INFO  TC_001_LoginDDT -Orange site opened
11:02:10.039 INFO  TC_001_LoginDDT -username entered
11:02:10.216 INFO  TC_001_LoginDDT -passeword entered
11:02:11.188 INFO  TC_001_LoginDDT -login button pressed
11:11:11.056 INFO  TC_001_LoginDDT -Orange site opened
11:11:11.666 INFO  TC_001_LoginDDT -username entered
11:11:11.849 INFO  TC_001_LoginDDT -passeword entered
11:11:14.305 INFO  TC_001_LoginDDT -login button pressed
11:11:15.878 INFO  TC_001_LoginDDT -My Info tab is clicked
11:11:16.890 INFO  TC_001_LoginDDT -photo in the corner clicked
11:12:29.816 INFO  TC_001_LoginDDT -Orange site opened
11:12:30.333 INFO  TC_001_LoginDDT -username entered
11:12:30.619 INFO  TC_001_LoginDDT -passeword entered
11:12:32.322 INFO  TC_001_LoginDDT -login button pressed
11:12:33.986 INFO  TC_001_LoginDDT -My Info tab is clicked
11:12:34.774 INFO  TC_001_LoginDDT -photo in the corner clicked
11:24:21.513 INFO  TC_001_LoginDDT -Orange site opened
11:24:22.045 INFO  TC_001_LoginDDT -username entered
11:24:22.316 INFO  TC_001_LoginDDT -passeword entered
11:24:24.332 INFO  TC_001_LoginDDT -login button pressed
11:24:25.652 INFO  TC_001_LoginDDT -My Info tab is clicked
11:24:26.399 INFO  TC_001_LoginDDT -photo in the corner clicked
11:27:48.980 INFO  TC_001_LoginDDT -Orange site opened
11:27:49.556 INFO  TC_001_LoginDDT -username entered
11:27:49.861 INFO  TC_001_LoginDDT -passeword entered
11:27:51.792 INFO  TC_001_LoginDDT -login button pressed
11:27:53.171 INFO  TC_001_LoginDDT -My Info tab is clicked
11:27:54.244 INFO  TC_001_LoginDDT -photo in the corner clicked
11:29:31.164 INFO  TC_001_LoginDDT -Orange site opened
11:29:31.706 INFO  TC_001_LoginDDT -username entered
11:29:31.929 INFO  TC_001_LoginDDT -passeword entered
11:29:34.279 INFO  TC_001_LoginDDT -login button pressed
11:29:35.913 INFO  TC_001_LoginDDT -My Info tab is clicked
11:29:37.146 INFO  TC_001_LoginDDT -photo in the corner clicked
11:34:29.869 INFO  TC_001_LoginDDT -Orange site opened
11:34:30.853 INFO  TC_001_LoginDDT -username entered
11:34:31.158 INFO  TC_001_LoginDDT -passeword entered
11:34:33.420 INFO  TC_001_LoginDDT -login button pressed
11:34:36.094 INFO  TC_001_LoginDDT -My Info tab is clicked
11:34:36.928 INFO  TC_001_LoginDDT -photo in the corner clicked
11:37:07.568 INFO  TC_001_LoginDDT -Orange site opened
11:37:08.082 INFO  TC_001_LoginDDT -username entered
11:37:08.277 INFO  TC_001_LoginDDT -passeword entered
11:37:10.061 INFO  TC_001_LoginDDT -login button pressed
11:37:10.241 INFO  TC_001_LoginDDT -My Info tab is clicked
11:38:00.527 INFO  TC_001_LoginDDT -Orange site opened
11:38:01.043 INFO  TC_001_LoginDDT -username entered
11:38:01.349 INFO  TC_001_LoginDDT -passeword entered
11:38:03.352 INFO  TC_001_LoginDDT -login button pressed
11:38:05.903 INFO  TC_001_LoginDDT -My Info tab is clicked
11:38:06.820 INFO  TC_001_LoginDDT -photo in the corner clicked
11:39:03.501 INFO  TC_001_LoginDDT -Orange site opened
11:39:04.042 INFO  TC_001_LoginDDT -username entered
11:39:04.266 INFO  TC_001_LoginDDT -passeword entered
11:39:06.153 INFO  TC_001_LoginDDT -login button pressed
11:39:07.693 INFO  TC_001_LoginDDT -My Info tab is clicked
11:39:08.662 INFO  TC_001_LoginDDT -photo in the corner clicked
11:40:09.407 INFO  TC_001_LoginDDT -Orange site opened
11:40:09.869 INFO  TC_001_LoginDDT -username entered
11:40:10.130 INFO  TC_001_LoginDDT -passeword entered
11:40:12.167 INFO  TC_001_LoginDDT -login button pressed
11:40:13.736 INFO  TC_001_LoginDDT -My Info tab is clicked
11:40:14.771 INFO  TC_001_LoginDDT -photo in the corner clicked
11:42:50.884 INFO  TC_001_LoginDDT -Orange site opened
11:42:51.312 INFO  TC_001_LoginDDT -username entered
11:42:51.515 INFO  TC_001_LoginDDT -passeword entered
11:42:53.358 INFO  TC_001_LoginDDT -login button pressed
11:42:54.735 INFO  TC_001_LoginDDT -My Info tab is clicked
11:42:55.499 INFO  TC_001_LoginDDT -photo in the corner clicked
11:47:49.344 INFO  TC_001_LoginDDT -Orange site opened
11:47:50.003 INFO  TC_001_LoginDDT -username entered
11:47:50.394 INFO  TC_001_LoginDDT -passeword entered
11:47:52.015 INFO  TC_001_LoginDDT -login button pressed
11:47:53.415 INFO  TC_001_LoginDDT -My Info tab is clicked
11:47:54.266 INFO  TC_001_LoginDDT -photo in the corner clicked
11:52:16.645 INFO  TC_001_LoginDDT -Orange site opened
11:52:17.240 INFO  TC_001_LoginDDT -username entered
11:52:17.527 INFO  TC_001_LoginDDT -passeword entered
11:52:19.095 INFO  TC_001_LoginDDT -login button pressed
11:52:20.245 INFO  TC_001_LoginDDT -My Info tab is clicked
11:52:21.225 INFO  TC_001_LoginDDT -photo in the corner clicked
11:54:08.906 INFO  TC_001_LoginDDT -Orange site opened
11:54:09.464 INFO  TC_001_LoginDDT -username entered
11:54:09.802 INFO  TC_001_LoginDDT -passeword entered
11:54:11.448 INFO  TC_001_LoginDDT -login button pressed
11:54:11.610 INFO  TC_001_LoginDDT -My Info tab is clicked
11:55:05.202 INFO  TC_001_LoginDDT -Orange site opened
11:55:05.688 INFO  TC_001_LoginDDT -username entered
11:55:05.961 INFO  TC_001_LoginDDT -passeword entered
11:55:07.743 INFO  TC_001_LoginDDT -login button pressed
11:55:07.911 INFO  TC_001_LoginDDT -My Info tab is clicked
11:57:33.541 INFO  TC_001_LoginDDT -Orange site opened
11:57:33.982 INFO  TC_001_LoginDDT -username entered
11:57:34.180 INFO  TC_001_LoginDDT -passeword entered
11:57:36.159 INFO  TC_001_LoginDDT -login button pressed
11:57:37.445 INFO  TC_001_LoginDDT -My Info tab is clicked
11:57:38.265 INFO  TC_001_LoginDDT -photo in the corner clicked
11:57:39.330 INFO  TC_001_LoginDDT -personal details link clicked
11:57:39.538 INFO  TC_001_LoginDDT -upload button clicked
11:59:03.565 INFO  TC_001_LoginDDT -Orange site opened
11:59:04.246 INFO  TC_001_LoginDDT -username entered
11:59:04.565 INFO  TC_001_LoginDDT -passeword entered
11:59:06.450 INFO  TC_001_LoginDDT -login button pressed
11:59:08.244 INFO  TC_001_LoginDDT -My Info tab is clicked
11:59:09.122 INFO  TC_001_LoginDDT -photo in the corner clicked
12:06:01.585 INFO  TC_001_LoginDDT -Orange site opened
12:06:02.204 INFO  TC_001_LoginDDT -username entered
12:06:02.533 INFO  TC_001_LoginDDT -passeword entered
12:06:04.185 INFO  TC_001_LoginDDT -login button pressed
12:06:04.339 INFO  TC_001_LoginDDT -My Info tab is clicked
12:06:45.946 INFO  TC_001_LoginDDT -Orange site opened
12:06:46.383 INFO  TC_001_LoginDDT -username entered
12:06:46.578 INFO  TC_001_LoginDDT -passeword entered
12:06:48.490 INFO  TC_001_LoginDDT -login button pressed
12:06:49.912 INFO  TC_001_LoginDDT -My Info tab is clicked
12:06:51.123 INFO  TC_001_LoginDDT -photo in the corner clicked
12:29:25.431 INFO  TC_001_LoginDDT -Orange site opened
12:29:25.803 INFO  TC_001_LoginDDT -username entered
12:29:25.977 INFO  TC_001_LoginDDT -passeword entered
12:29:28.584 INFO  TC_001_LoginDDT -login button pressed
12:29:30.645 INFO  TC_001_LoginDDT -My Info tab is clicked
12:29:32.441 INFO  TC_001_LoginDDT -photo in the corner clicked
12:31:41.766 INFO  TC_001_LoginDDT -Orange site opened
12:31:42.423 INFO  TC_001_LoginDDT -username entered
12:31:42.712 INFO  TC_001_LoginDDT -passeword entered
12:31:44.926 INFO  TC_001_LoginDDT -login button pressed
12:31:47.335 INFO  TC_001_LoginDDT -My Info tab is clicked
12:31:48.365 INFO  TC_001_LoginDDT -photo in the corner clicked
12:31:48.519 INFO  TC_001_LoginDDT -add file clicked
12:32:01.512 INFO  TC_001_LoginDDT -upload button clicked
12:32:01.622 INFO  TC_001_LoginDDT -photograph failed to upload : test failed
12:39:30.988 INFO  TC_001_LoginDDT -Orange site opened
12:39:31.693 INFO  TC_001_LoginDDT -username entered
12:39:32.067 INFO  TC_001_LoginDDT -passeword entered
12:39:34.174 INFO  TC_001_LoginDDT -login button pressed
12:39:37.239 INFO  TC_001_LoginDDT -My Info tab is clicked
12:39:38.197 INFO  TC_001_LoginDDT -photo in the corner clicked
12:39:38.471 INFO  TC_001_LoginDDT -add file clicked
12:39:44.604 INFO  TC_001_LoginDDT -photograph 1mb added
12:39:44.823 INFO  TC_001_LoginDDT -upload button clicked
12:43:27.233 INFO  TC_001_LoginDDT -Orange site opened
12:43:27.694 INFO  TC_001_LoginDDT -username entered
12:43:27.933 INFO  TC_001_LoginDDT -passeword entered
12:43:29.969 INFO  TC_001_LoginDDT -login button pressed
12:43:31.484 INFO  TC_001_LoginDDT -My Info tab is clicked
12:43:32.248 INFO  TC_001_LoginDDT -photo in the corner clicked
12:43:32.602 INFO  TC_001_LoginDDT -photograph 1mb added
12:43:32.807 INFO  TC_001_LoginDDT -upload button clicked
12:46:26.538 INFO  TC_001_LoginDDT -Orange site opened
12:46:26.941 INFO  TC_001_LoginDDT -username entered
12:46:27.111 INFO  TC_001_LoginDDT -passeword entered
12:46:29.350 INFO  TC_001_LoginDDT -login button pressed
12:46:30.660 INFO  TC_001_LoginDDT -My Info tab is clicked
12:46:31.489 INFO  TC_001_LoginDDT -photo in the corner clicked
12:46:31.743 INFO  TC_001_LoginDDT -photograph 1mb added
12:46:31.937 INFO  TC_001_LoginDDT -upload button clicked
12:49:34.279 INFO  TC_001_LoginDDT -Orange site opened
12:49:34.910 INFO  TC_001_LoginDDT -username entered
12:49:35.190 INFO  TC_001_LoginDDT -passeword entered
12:49:37.108 INFO  TC_001_LoginDDT -login button pressed
12:49:38.460 INFO  TC_001_LoginDDT -My Info tab is clicked
12:49:39.330 INFO  TC_001_LoginDDT -photo in the corner clicked
12:49:43.077 INFO  TC_001_LoginDDT -photograph 1mb added
12:49:43.451 INFO  TC_001_LoginDDT -upload button clicked
12:56:30.606 INFO  TC_001_LoginDDT -Orange site opened
12:56:31.035 INFO  TC_001_LoginDDT -username entered
12:56:31.329 INFO  TC_001_LoginDDT -passeword entered
12:56:33.110 INFO  TC_001_LoginDDT -login button pressed
12:56:33.320 INFO  TC_001_LoginDDT -My Info tab is clicked
12:57:17.861 INFO  TC_001_LoginDDT -Orange site opened
12:57:18.459 INFO  TC_001_LoginDDT -username entered
12:57:18.824 INFO  TC_001_LoginDDT -passeword entered
12:57:20.483 INFO  TC_001_LoginDDT -login button pressed
12:57:20.632 INFO  TC_001_LoginDDT -My Info tab is clicked
12:59:17.903 INFO  TC_001_LoginDDT -Orange site opened
12:59:18.340 INFO  TC_001_LoginDDT -username entered
12:59:18.527 INFO  TC_001_LoginDDT -passeword entered
12:59:20.391 INFO  TC_001_LoginDDT -login button pressed
12:59:20.571 INFO  TC_001_LoginDDT -My Info tab is clicked
13:18:41.166 INFO  TC_001_LoginDDT -Orange site opened
13:18:41.358 INFO  TC_001_LoginDDT -username entered
13:18:41.454 INFO  TC_001_LoginDDT -passeword entered
13:18:42.200 INFO  TC_001_LoginDDT -login button pressed
13:20:06.755 INFO  TC_001_LoginDDT -Orange site opened
13:20:07.257 INFO  TC_001_LoginDDT -username entered
13:20:07.440 INFO  TC_001_LoginDDT -passeword entered
13:20:09.218 INFO  TC_001_LoginDDT -login button pressed
13:20:09.351 INFO  TC_001_LoginDDT -My Info tab is clicked
13:21:00.653 INFO  TC_001_LoginDDT -Orange site opened
13:21:01.071 INFO  TC_001_LoginDDT -username entered
13:21:01.274 INFO  TC_001_LoginDDT -passeword entered
13:21:03.240 INFO  TC_001_LoginDDT -login button pressed
13:21:04.483 INFO  TC_001_LoginDDT -My Info tab is clicked
13:21:05.272 INFO  TC_001_LoginDDT -photo in the corner clicked
13:21:05.640 INFO  TC_001_LoginDDT -photograph 1mb added
13:21:06.428 INFO  TC_001_LoginDDT -upload button clicked
13:22:23.619 INFO  TC_001_LoginDDT -Orange site opened
13:22:24.146 INFO  TC_001_LoginDDT -username entered
13:22:24.408 INFO  TC_001_LoginDDT -passeword entered
13:22:26.058 INFO  TC_001_LoginDDT -login button pressed
13:22:27.254 INFO  TC_001_LoginDDT -My Info tab is clicked
13:22:27.923 INFO  TC_001_LoginDDT -photo in the corner clicked
13:22:28.139 INFO  TC_001_LoginDDT -photograph 1mb added
13:22:28.550 INFO  TC_001_LoginDDT -upload button clicked
13:24:05.549 INFO  TC_001_LoginDDT -Orange site opened
13:24:05.927 INFO  TC_001_LoginDDT -username entered
13:24:06.140 INFO  TC_001_LoginDDT -passeword entered
13:24:20.199 INFO  TC_001_LoginDDT -login button pressed
13:24:26.684 INFO  TC_001_LoginDDT -My Info tab is clicked
13:24:34.471 INFO  TC_001_LoginDDT -photo in the corner clicked
13:24:34.729 INFO  TC_001_LoginDDT -photograph 1mb added
13:24:35.198 INFO  TC_001_LoginDDT -upload button clicked
13:26:36.743 INFO  TC_001_LoginDDT -Orange site opened
13:27:38.099 INFO  TC_001_LoginDDT -Orange site opened
13:27:38.695 INFO  TC_001_LoginDDT -username entered
13:27:38.930 INFO  TC_001_LoginDDT -passeword entered
13:27:39.727 INFO  TC_001_LoginDDT -login button pressed
15:48:18.638 INFO  TC_001_LoginDDT -Orange site opened
15:48:19.036 INFO  TC_001_LoginDDT -username entered
15:48:19.213 INFO  TC_001_LoginDDT -passeword entered
15:48:23.294 INFO  TC_001_LoginDDT -login button pressed
15:48:25.218 INFO  TC_001_LoginDDT -My Info tab is clicked
15:48:26.028 INFO  TC_001_LoginDDT -photo in the corner clicked
15:48:26.570 INFO  TC_001_LoginDDT -photograph 1mb added
15:50:12.149 INFO  TC_001_LoginDDT -Orange site opened
15:50:12.609 INFO  TC_001_LoginDDT -username entered
15:50:12.882 INFO  TC_001_LoginDDT -passeword entered
15:50:14.968 INFO  TC_001_LoginDDT -login button pressed
15:50:17.632 INFO  TC_001_LoginDDT -My Info tab is clicked
15:50:19.580 INFO  TC_001_LoginDDT -photo in the corner clicked
15:50:26.098 INFO  TC_001_LoginDDT -photograph 1mb added
15:50:38.591 INFO  TC_001_LoginDDT -upload button clicked
15:54:26.658 INFO  TC_001_LoginDDT -Orange site opened
15:54:27.137 INFO  TC_001_LoginDDT -username entered
15:54:27.351 INFO  TC_001_LoginDDT -passeword entered
15:54:30.767 INFO  TC_001_LoginDDT -login button pressed
15:54:37.869 INFO  TC_001_LoginDDT -My Info tab is clicked
15:54:38.726 INFO  TC_001_LoginDDT -photo in the corner clicked
15:54:42.750 INFO  TC_001_LoginDDT -photograph 1mb added
15:54:52.995 INFO  TC_001_LoginDDT -upload button clicked
15:54:53.203 INFO  TC_001_LoginDDT -photograph failed to upload : test failed
15:56:29.882 INFO  TC_001_LoginDDT -Orange site opened
15:56:30.303 INFO  TC_001_LoginDDT -username entered
15:56:30.531 INFO  TC_001_LoginDDT -passeword entered
15:56:32.363 INFO  TC_001_LoginDDT -login button pressed
15:56:36.920 INFO  TC_001_LoginDDT -My Info tab is clicked
15:56:37.802 INFO  TC_001_LoginDDT -photo in the corner clicked
15:56:41.282 INFO  TC_001_LoginDDT -photograph 1mb added
15:56:52.552 INFO  TC_001_LoginDDT -upload button clicked
15:56:52.914 INFO  TC_001_LoginDDT -photograph failed to upload : test failed
15:58:24.468 INFO  TC_001_LoginDDT -Orange site opened
15:58:24.910 INFO  TC_001_LoginDDT -username entered
15:58:25.115 INFO  TC_001_LoginDDT -passeword entered
15:58:27.227 INFO  TC_001_LoginDDT -login button pressed
15:58:31.157 INFO  TC_001_LoginDDT -My Info tab is clicked
15:58:32.014 INFO  TC_001_LoginDDT -photo in the corner clicked
15:58:35.268 INFO  TC_001_LoginDDT -photograph 1mb added
15:58:46.721 INFO  TC_001_LoginDDT -upload button clicked
15:58:47.051 INFO  TC_001_LoginDDT -photograph failed to upload : test failed
16:01:17.607 INFO  TC_001_LoginDDT -Orange site opened
16:01:18.061 INFO  TC_001_LoginDDT -username entered
16:01:18.282 INFO  TC_001_LoginDDT -passeword entered
16:01:19.977 INFO  TC_001_LoginDDT -login button pressed
16:01:20.195 INFO  TC_001_LoginDDT -My Info tab is clicked
16:02:06.741 INFO  TC_001_LoginDDT -Orange site opened
16:02:07.157 INFO  TC_001_LoginDDT -username entered
16:02:07.397 INFO  TC_001_LoginDDT -passeword entered
16:02:09.172 INFO  TC_001_LoginDDT -login button pressed
16:02:13.734 INFO  TC_001_LoginDDT -My Info tab is clicked
16:02:14.751 INFO  TC_001_LoginDDT -photo in the corner clicked
16:14:47.131 INFO  TC_001_LoginDDT -Orange site opened
16:14:50.097 INFO  TC_001_LoginDDT -username entered
16:14:50.219 INFO  TC_001_LoginDDT -passeword entered
16:14:54.183 INFO  TC_001_LoginDDT -login button pressed
16:15:02.630 INFO  TC_001_LoginDDT -My Info tab is clicked
16:15:06.503 INFO  TC_001_LoginDDT -photo in the corner clicked
16:15:18.265 INFO  TC_001_LoginDDT -photograph 1mb added
16:15:27.830 INFO  TC_001_LoginDDT -upload button clicked
16:15:28.046 INFO  TC_001_LoginDDT -photograph <1mb uploaded : test succeed
16:16:26.885 INFO  TC_001_LoginDDT -Orange site opened
16:16:28.688 INFO  TC_001_LoginDDT -username entered
16:16:28.959 INFO  TC_001_LoginDDT -passeword entered
16:16:33.139 INFO  TC_001_LoginDDT -login button pressed
16:16:37.912 INFO  TC_001_LoginDDT -My Info tab is clicked
16:16:39.735 INFO  TC_001_LoginDDT -photo in the corner clicked
16:16:42.981 INFO  TC_001_LoginDDT -photograph 1mb added
16:19:16.395 INFO  TC_001_LoginDDT -Orange site opened
16:19:18.485 INFO  TC_001_LoginDDT -username entered
16:19:18.663 INFO  TC_001_LoginDDT -passeword entered
16:19:21.067 INFO  TC_001_LoginDDT -login button pressed
16:19:24.647 INFO  TC_001_LoginDDT -My Info tab is clicked
16:19:25.859 INFO  TC_001_LoginDDT -photo in the corner clicked
16:19:38.385 INFO  TC_001_LoginDDT -photograph 1mb added
16:19:51.036 INFO  TC_001_LoginDDT -upload button clicked
16:19:51.422 INFO  TC_001_LoginDDT -photograph <1mb uploaded : test succeed
16:22:12.250 INFO  TC_001_LoginDDT -Orange site opened
16:22:12.761 INFO  TC_001_LoginDDT -username entered
16:22:12.979 INFO  TC_001_LoginDDT -passeword entered
16:22:14.902 INFO  TC_001_LoginDDT -login button pressed
16:22:17.951 INFO  TC_001_LoginDDT -My Info tab is clicked
16:22:18.841 INFO  TC_001_LoginDDT -photo in the corner clicked
16:22:27.781 INFO  TC_001_LoginDDT -photograph 1mb added
16:25:27.448 INFO  TC_001_LoginDDT -Orange site opened
16:25:33.642 INFO  TC_001_LoginDDT -username entered
16:25:33.837 INFO  TC_001_LoginDDT -passeword entered
16:25:35.979 INFO  TC_001_LoginDDT -login button pressed
16:25:36.024 INFO  TC_001_LoginDDT -login passed : valid credentials 
 Myinfo page is not displayed !
16:25:38.361 INFO  TC_001_LoginDDT -username entered
16:25:38.530 INFO  TC_001_LoginDDT -passeword entered
16:25:39.742 INFO  TC_001_LoginDDT -login button pressed
16:25:39.756 INFO  TC_001_LoginDDT -login failed : invalid credentials
16:25:39.988 INFO  TC_001_LoginDDT -username entered
16:25:40.200 INFO  TC_001_LoginDDT -passeword entered
16:25:40.916 INFO  TC_001_LoginDDT -login button pressed
16:25:40.958 INFO  TC_001_LoginDDT -login failed : invalid credentials
16:25:41.204 INFO  TC_001_LoginDDT -username entered
16:25:41.409 INFO  TC_001_LoginDDT -passeword entered
16:25:42.136 INFO  TC_001_LoginDDT -login button pressed
16:25:42.166 INFO  TC_001_LoginDDT -login failed : invalid credentials
16:25:50.056 INFO  TC_001_LoginDDT -Orange site opened
16:25:50.447 INFO  TC_001_LoginDDT -username entered
16:25:51.132 INFO  TC_001_LoginDDT -passeword entered
16:25:52.826 INFO  TC_001_LoginDDT -login button pressed
16:25:53.038 INFO  TC_001_LoginDDT -login passed
16:26:00.219 INFO  TC_001_LoginDDT -Orange site opened
16:26:00.587 INFO  TC_001_LoginDDT -username entered
16:26:00.841 INFO  TC_001_LoginDDT -passeword entered
16:26:03.295 INFO  TC_001_LoginDDT -login button pressed
16:26:06.433 INFO  TC_001_LoginDDT -My Info tab is clicked
16:26:06.616 INFO  TC_001_LoginDDT -personal details are displayed
16:26:14.704 INFO  TC_001_LoginDDT -Orange site opened
16:26:15.096 INFO  TC_001_LoginDDT -username entered
16:26:15.377 INFO  TC_001_LoginDDT -passeword entered
16:26:17.492 INFO  TC_001_LoginDDT -login button pressed
16:26:20.726 INFO  TC_001_LoginDDT -My Info tab is clicked
16:26:22.186 INFO  TC_001_LoginDDT -Personal Details link is clicked
16:26:22.406 INFO  TC_001_LoginDDT -Edit button is clicked
16:26:22.817 INFO  TC_001_LoginDDT -First name is modified
16:26:23.131 INFO  TC_001_LoginDDT -Middle name is modified
16:26:23.456 INFO  TC_001_LoginDDT -Last name is modified
16:26:24.239 INFO  TC_001_LoginDDT -License expiry date is modified
16:26:24.487 INFO  TC_001_LoginDDT -Gender is modified
16:26:24.881 INFO  TC_001_LoginDDT -Marital status is modified
16:26:25.139 INFO  TC_001_LoginDDT -Nationality is modified
16:26:26.762 INFO  TC_001_LoginDDT -Save button is pressed
16:26:26.956 INFO  TC_001_LoginDDT -Personal Details are modified and saved successfully
16:26:34.158 INFO  TC_001_LoginDDT -Orange site opened
16:26:34.492 INFO  TC_001_LoginDDT -username entered
16:26:34.689 INFO  TC_001_LoginDDT -passeword entered
16:26:36.665 INFO  TC_001_LoginDDT -login button pressed
16:26:39.582 INFO  TC_001_LoginDDT -My Info tab is clicked
16:26:40.519 INFO  TC_001_LoginDDT -photo in the corner clicked
16:26:45.271 INFO  TC_001_LoginDDT -photograph 1mb added
16:26:56.695 INFO  TC_001_LoginDDT -upload button clicked
16:26:56.859 INFO  TC_001_LoginDDT -photograph <1mb uploaded : test succeed
